2024-09-14 21:54:53,419 INFO util_ssh_repl.py:69 Access repl using: ssh -p 8022 localhost
2024-09-14 21:54:54,333 INFO hsm_dezentral.py:177 Haus 1(modbus=101): version sw=0.1.4 hw=1.0.0
2024-09-14 21:54:54,334 INFO util_logger.py:43 HsmHaus01: initializing ==>entry_ok==> ok (modbus_history)
2024-09-14 21:54:54,459 INFO hsm_dezentral.py:177 Haus 2(modbus=102): version sw=0.1.4 hw=1.0.0
2024-09-14 21:54:54,460 INFO util_logger.py:43 HsmHaus02: initializing ==>entry_ok==> ok (modbus_history)
2024-09-14 21:54:54,585 INFO hsm_dezentral.py:177 Haus 3(modbus=103): version sw=0.1.4 hw=1.0.0
2024-09-14 21:54:54,586 INFO util_logger.py:43 HsmHaus03: initializing ==>entry_ok==> ok (modbus_history)
2024-09-14 21:54:54,709 INFO hsm_dezentral.py:177 Haus 4(modbus=104): version sw=0.1.4 hw=1.0.0
2024-09-14 21:54:54,710 INFO util_logger.py:43 HsmHaus04: initializing ==>entry_ok==> ok (modbus_history)
2024-09-14 21:54:54,883 INFO hsm_dezentral.py:177 Haus 5(modbus=105): version sw=0.1.4 hw=1.0.0
2024-09-14 21:54:54,883 INFO util_logger.py:43 HsmHaus05: initializing ==>entry_ok==> ok (modbus_history)
2024-09-14 21:54:55,408 INFO hsm_dezentral.py:177 Haus 6(modbus=106): version sw=0.1.4 hw=1.0.0
2024-09-14 21:54:55,409 INFO util_logger.py:43 HsmHaus06: initializing ==>entry_ok==> ok (modbus_history)
2024-09-14 21:54:55,543 INFO hsm_dezentral.py:177 Haus 7(modbus=107): version sw=0.1.4 hw=1.0.0
2024-09-14 21:54:55,544 INFO util_logger.py:43 HsmHaus07: initializing ==>entry_ok==> ok (modbus_history)
2024-09-14 21:54:55,743 INFO hsm_dezentral.py:177 Haus 8(modbus=108): version sw=0.1.4 hw=1.0.0
2024-09-14 21:54:55,744 INFO util_logger.py:43 HsmHaus08: initializing ==>entry_ok==> ok (modbus_history)
2024-09-14 21:54:55,868 INFO hsm_dezentral.py:177 Haus 9(modbus=109): version sw=0.1.4 hw=1.0.0
2024-09-14 21:54:55,869 INFO util_logger.py:43 HsmHaus09: initializing ==>entry_ok==> ok (modbus_history)
2024-09-14 21:54:55,993 INFO hsm_dezentral.py:177 Haus 10(modbus=110): version sw=0.1.4 hw=1.0.0
2024-09-14 21:54:55,994 INFO util_logger.py:43 HsmHaus10: initializing ==>entry_ok==> ok (modbus_history)
2024-09-14 21:54:56,136 INFO hsm_dezentral.py:177 Haus 11(modbus=111): version sw=0.1.4 hw=1.0.0
2024-09-14 21:54:56,137 INFO util_logger.py:43 HsmHaus11: initializing ==>entry_ok==> ok (modbus_history)
2024-09-14 21:54:56,260 INFO hsm_dezentral.py:177 Haus 12(modbus=112): version sw=0.1.4 hw=1.0.0
2024-09-14 21:54:56,261 INFO util_logger.py:43 HsmHaus12: initializing ==>entry_ok==> ok (modbus_history)
2024-09-14 21:54:56,424 INFO hsm_dezentral.py:177 Haus 13(modbus=113): version sw=0.1.4 hw=1.0.0
2024-09-14 21:54:56,425 INFO util_logger.py:43 HsmHaus13: initializing ==>entry_ok==> ok (modbus_history)
2024-09-14 21:54:56,948 INFO hsm_dezentral.py:177 Haus 14(modbus=114): version sw=0.1.4 hw=1.0.0
2024-09-14 21:54:56,949 INFO util_logger.py:43 HsmHaus14: initializing ==>entry_ok==> ok (modbus_history)
2024-09-14 21:54:57,090 INFO hsm_dezentral.py:177 Haus 15(modbus=115): version sw=0.1.4 hw=1.0.0
2024-09-14 21:54:57,091 INFO util_logger.py:43 HsmHaus15: initializing ==>entry_ok==> ok (modbus_history)
2024-09-14 21:54:57,096 INFO util_modbus_communication.py:137 16037.2s -21.4% Tfv_C=47.2
2024-09-14 21:54:57,650 INFO util_logger.py:43 HsmZentral: initializing ==>entry_ok_drehschalterauto==> ok_drehschalterauto_regeln
2024-09-14 21:55:00,474 INFO util_modbus_communication.py:137 16040.6s -21.4% Tfv_C=47.2
2024-09-14 21:55:02,868 INFO util_scenarios.py:99 Scenario: Add ScenarioHausValveOpenCloseOthers(haus_nummer=7, duration_s=3600.0)
2024-09-14 21:55:04,216 INFO util_modbus_communication.py:137 16044.3s -21.4% Tfv_C=47.2
2024-09-14 21:55:07,895 INFO util_modbus_communication.py:137 16048.0s -21.4% Tfv_C=47.3
2024-09-14 21:55:11,478 INFO util_modbus_communication.py:137 16051.6s -21.4% Tfv_C=47.4
2024-09-14 21:55:14,601 INFO util_modbus_communication.py:137 16054.7s -21.4% Tfv_C=47.4
2024-09-14 21:55:17,381 INFO util_modbus_communication.py:137 16057.5s -21.4% Tfv_C=47.4
2024-09-14 21:55:20,183 INFO util_modbus_communication.py:137 16060.3s -21.4% Tfv_C=47.4
2024-09-14 21:55:23,031 INFO util_modbus_communication.py:137 16063.2s -21.4% Tfv_C=47.4
2024-09-14 21:55:25,792 INFO util_modbus_communication.py:137 16065.9s -21.4% Tfv_C=47.4
2024-09-14 21:55:28,655 INFO util_modbus_communication.py:137 16068.8s -21.4% Tfv_C=47.4
2024-09-14 21:55:29,190 INFO util_scenarios.py:99 Scenario: Add ScenarioOverwriteMischventil(duration_s=240.0, stellwert_100=60.0)
2024-09-14 21:55:31,534 INFO util_modbus_communication.py:137 16071.7s 60.0% Tfv_C=47.2
2024-09-14 21:55:33,673 INFO util_scenarios.py:99 Scenario: Add ScenarioOverwriteMischventil(duration_s=240.0, stellwert_100=40.0)
2024-09-14 21:55:34,405 INFO util_modbus_communication.py:137 16074.5s 60.0% Tfv_C=46.9
2024-09-14 21:55:37,267 INFO util_modbus_communication.py:137 16077.4s 60.0% Tfv_C=45.9
2024-09-14 21:55:37,924 INFO util_scenarios.py:99 Scenario: Add ScenarioOverwriteMischventil(duration_s=240.0, stellwert_100=60.0)
2024-09-14 21:55:40,105 INFO util_modbus_communication.py:137 16080.2s 60.0% Tfv_C=44.9
2024-09-14 21:55:42,882 INFO util_modbus_communication.py:137 16083.0s 60.0% Tfv_C=44.3
2024-09-14 21:55:43,347 INFO util_scenarios.py:99 Scenario: Add ScenarioOverwriteMischventil(duration_s=240.0, stellwert_100=40.0)
2024-09-14 21:55:45,690 INFO util_modbus_communication.py:137 16085.8s 60.0% Tfv_C=43.1
2024-09-14 21:55:48,515 INFO util_modbus_communication.py:137 16088.6s 60.0% Tfv_C=42.0
2024-09-14 21:55:51,299 INFO util_modbus_communication.py:137 16091.4s 60.0% Tfv_C=41.4
2024-09-14 21:55:54,058 INFO util_modbus_communication.py:137 16094.2s 60.0% Tfv_C=40.5
2024-09-14 21:55:56,870 INFO util_modbus_communication.py:137 16097.0s 60.0% Tfv_C=40.1
2024-09-14 21:55:59,641 INFO util_modbus_communication.py:137 16099.8s 60.0% Tfv_C=40.1
2024-09-14 21:56:02,420 INFO util_modbus_communication.py:137 16102.5s 60.0% Tfv_C=40.1
2024-09-14 21:56:05,199 INFO util_modbus_communication.py:137 16105.3s 60.0% Tfv_C=40.1
2024-09-14 21:56:07,973 INFO util_modbus_communication.py:137 16108.1s 60.0% Tfv_C=40.8
2024-09-14 21:56:10,757 INFO util_modbus_communication.py:137 16110.9s 60.0% Tfv_C=41.2
2024-09-14 21:56:13,532 INFO util_modbus_communication.py:137 16113.7s 60.0% Tfv_C=41.4
2024-09-14 21:56:16,323 INFO util_modbus_communication.py:137 16116.4s 60.0% Tfv_C=41.8
2024-09-14 21:56:19,084 INFO util_modbus_communication.py:137 16119.2s 60.0% Tfv_C=42.0
2024-09-14 21:56:21,856 INFO util_modbus_communication.py:137 16122.0s 60.0% Tfv_C=42.2
2024-09-14 21:56:24,617 INFO util_modbus_communication.py:137 16124.7s 60.0% Tfv_C=42.5
2024-09-14 21:56:27,419 INFO util_modbus_communication.py:137 16127.5s 60.0% Tfv_C=42.7
2024-09-14 21:56:30,172 INFO util_modbus_communication.py:137 16130.3s 60.0% Tfv_C=43.1
2024-09-14 21:56:32,975 INFO util_modbus_communication.py:137 16133.1s 60.0% Tfv_C=43.6
2024-09-14 21:56:35,740 INFO util_modbus_communication.py:137 16135.9s 60.0% Tfv_C=43.8
2024-09-14 21:56:38,512 INFO util_modbus_communication.py:137 16138.6s 60.0% Tfv_C=44.2
2024-09-14 21:56:41,274 INFO util_modbus_communication.py:137 16141.4s 60.0% Tfv_C=44.7
2024-09-14 21:56:44,052 INFO util_modbus_communication.py:137 16144.2s 60.0% Tfv_C=44.9
2024-09-14 21:56:46,841 INFO util_modbus_communication.py:137 16147.0s 60.0% Tfv_C=45.2
2024-09-14 21:56:49,611 INFO util_modbus_communication.py:137 16149.7s 60.0% Tfv_C=45.4
2024-09-14 21:56:52,395 INFO util_modbus_communication.py:137 16152.5s 60.0% Tfv_C=45.7
2024-09-14 21:56:55,178 INFO util_modbus_communication.py:137 16155.3s 60.0% Tfv_C=45.9
2024-09-14 21:56:57,980 INFO util_modbus_communication.py:137 16158.1s 60.0% Tfv_C=46.1
2024-09-14 21:57:00,748 INFO util_modbus_communication.py:137 16160.9s 60.0% Tfv_C=46.3
2024-09-14 21:57:03,526 INFO util_modbus_communication.py:137 16163.6s 60.0% Tfv_C=46.4
2024-09-14 21:57:06,294 INFO util_modbus_communication.py:137 16166.4s 60.0% Tfv_C=46.6
2024-09-14 21:57:09,069 INFO util_modbus_communication.py:137 16169.2s 60.0% Tfv_C=46.7
2024-09-14 21:57:11,841 INFO util_modbus_communication.py:137 16172.0s 60.0% Tfv_C=46.8
2024-09-14 21:57:14,625 INFO util_modbus_communication.py:137 16174.7s 60.0% Tfv_C=46.9
2024-09-14 21:57:17,387 INFO util_modbus_communication.py:137 16177.5s 60.0% Tfv_C=47.0
2024-09-14 21:57:20,163 INFO util_modbus_communication.py:137 16180.3s 60.0% Tfv_C=47.1
2024-09-14 21:57:22,942 INFO util_modbus_communication.py:137 16183.1s 60.0% Tfv_C=47.1
2024-09-14 21:57:25,711 INFO util_modbus_communication.py:137 16185.8s 60.0% Tfv_C=47.2
2024-09-14 21:57:28,491 INFO util_modbus_communication.py:137 16188.6s 60.0% Tfv_C=47.2
2024-09-14 21:57:31,278 INFO util_modbus_communication.py:137 16191.4s 60.0% Tfv_C=47.2
2024-09-14 21:57:34,061 INFO util_modbus_communication.py:137 16194.2s 60.0% Tfv_C=47.3
2024-09-14 21:57:36,837 INFO util_modbus_communication.py:137 16197.0s 60.0% Tfv_C=47.3
2024-09-14 21:57:39,618 INFO util_modbus_communication.py:137 16199.7s 60.0% Tfv_C=47.4
2024-09-14 21:57:42,387 INFO util_modbus_communication.py:137 16202.5s 60.0% Tfv_C=47.4
2024-09-14 21:57:45,166 INFO util_modbus_communication.py:137 16205.3s 60.0% Tfv_C=47.4
2024-09-14 21:57:47,932 INFO util_modbus_communication.py:137 16208.1s 60.0% Tfv_C=47.4
2024-09-14 21:57:50,718 INFO util_modbus_communication.py:137 16210.8s 60.0% Tfv_C=47.4
2024-09-14 21:57:53,476 INFO util_modbus_communication.py:137 16213.6s 60.0% Tfv_C=47.5
2024-09-14 21:57:56,245 INFO util_modbus_communication.py:137 16216.4s 60.0% Tfv_C=47.5
2024-09-14 21:57:59,017 INFO util_modbus_communication.py:137 16219.1s 60.0% Tfv_C=47.5
2024-09-14 21:58:01,799 INFO util_modbus_communication.py:137 16221.9s 60.0% Tfv_C=47.5
2024-09-14 21:58:04,571 INFO util_modbus_communication.py:137 16224.7s 60.0% Tfv_C=47.5
2024-09-14 21:58:07,340 INFO util_modbus_communication.py:137 16227.5s 60.0% Tfv_C=47.6
2024-09-14 21:58:10,139 INFO util_modbus_communication.py:137 16230.3s 60.0% Tfv_C=47.6
2024-09-14 21:58:12,900 INFO util_modbus_communication.py:137 16233.0s 60.0% Tfv_C=47.6
2024-09-14 21:58:15,667 INFO util_modbus_communication.py:137 16235.8s 60.0% Tfv_C=47.6
2024-09-14 21:58:18,436 INFO util_modbus_communication.py:137 16238.6s 60.0% Tfv_C=47.6
2024-09-14 21:58:21,221 INFO util_modbus_communication.py:137 16241.3s 60.0% Tfv_C=47.6
2024-09-14 21:58:23,987 INFO util_modbus_communication.py:137 16244.1s 60.0% Tfv_C=47.6
2024-09-14 21:58:26,773 INFO util_modbus_communication.py:137 16246.9s 60.0% Tfv_C=47.6
2024-09-14 21:58:29,560 INFO util_modbus_communication.py:137 16249.7s 60.0% Tfv_C=47.6
2024-09-14 21:58:32,355 INFO util_modbus_communication.py:137 16252.5s 60.0% Tfv_C=47.6
2024-09-14 21:58:35,129 INFO util_modbus_communication.py:137 16255.3s 60.0% Tfv_C=47.6
2024-09-14 21:58:37,902 INFO util_modbus_communication.py:137 16258.0s 60.0% Tfv_C=47.6
2024-09-14 21:58:40,703 INFO util_modbus_communication.py:137 16260.8s 60.0% Tfv_C=47.6
2024-09-14 21:58:43,511 INFO util_modbus_communication.py:137 16263.6s 60.0% Tfv_C=47.6
2024-09-14 21:58:46,268 INFO util_modbus_communication.py:137 16266.4s 60.0% Tfv_C=47.6
2024-09-14 21:58:49,062 INFO util_modbus_communication.py:137 16269.2s 60.0% Tfv_C=47.6
2024-09-14 21:58:51,817 INFO util_modbus_communication.py:137 16271.9s 60.0% Tfv_C=47.6
2024-09-14 21:58:54,622 INFO util_modbus_communication.py:137 16274.7s 60.0% Tfv_C=47.6
2024-09-14 21:58:57,414 INFO util_modbus_communication.py:137 16277.5s 60.0% Tfv_C=47.6
2024-09-14 21:59:00,204 INFO util_modbus_communication.py:137 16280.3s 60.0% Tfv_C=47.6
2024-09-14 21:59:03,003 INFO util_modbus_communication.py:137 16283.1s 60.0% Tfv_C=47.6
2024-09-14 21:59:05,778 INFO util_modbus_communication.py:137 16285.9s 60.0% Tfv_C=47.6
2024-09-14 21:59:08,551 INFO util_modbus_communication.py:137 16288.7s 60.0% Tfv_C=47.6
2024-09-14 21:59:11,308 INFO util_modbus_communication.py:137 16291.4s 60.0% Tfv_C=47.6
2024-09-14 21:59:14,106 INFO util_modbus_communication.py:137 16294.2s 60.0% Tfv_C=47.6
2024-09-14 21:59:16,877 INFO util_modbus_communication.py:137 16297.0s 60.0% Tfv_C=47.6
2024-09-14 21:59:19,661 INFO util_modbus_communication.py:137 16299.8s 60.0% Tfv_C=47.6
2024-09-14 21:59:22,435 INFO util_modbus_communication.py:137 16302.6s 60.0% Tfv_C=47.6
2024-09-14 21:59:25,204 INFO util_modbus_communication.py:137 16305.3s 60.0% Tfv_C=47.6
2024-09-14 21:59:27,967 INFO util_modbus_communication.py:137 16308.1s 60.0% Tfv_C=47.6
2024-09-14 21:59:30,733 INFO util_scenarios.py:105 Scenario: Remove ScenarioOverwriteMischventil(duration_s=2.5659116770002584, stellwert_100=60.0)
2024-09-14 21:59:30,734 INFO util_modbus_communication.py:137 16310.9s 60.0% Tfv_C=47.6
2024-09-14 21:59:33,523 INFO util_modbus_communication.py:137 16313.6s 40.0% Tfv_C=47.6
2024-09-14 21:59:36,304 INFO util_modbus_communication.py:137 16316.4s 40.0% Tfv_C=47.6
2024-09-14 21:59:39,080 INFO util_modbus_communication.py:137 16319.2s 40.0% Tfv_C=47.6
2024-09-14 21:59:41,870 INFO util_modbus_communication.py:137 16322.0s 40.0% Tfv_C=47.6
2024-09-14 21:59:44,645 INFO util_modbus_communication.py:137 16324.8s 40.0% Tfv_C=47.6
2024-09-14 21:59:47,435 INFO util_modbus_communication.py:137 16327.6s 40.0% Tfv_C=47.6
2024-09-14 21:59:50,241 INFO util_modbus_communication.py:137 16330.4s 40.0% Tfv_C=47.6
2024-09-14 21:59:53,051 INFO util_modbus_communication.py:137 16333.2s 40.0% Tfv_C=47.6
2024-09-14 21:59:55,840 INFO util_modbus_communication.py:137 16336.0s 40.0% Tfv_C=47.6
2024-09-14 21:59:58,623 INFO util_modbus_communication.py:137 16338.7s 40.0% Tfv_C=47.6
2024-09-14 22:00:01,427 INFO util_modbus_communication.py:137 16341.5s 40.0% Tfv_C=47.6
2024-09-14 22:00:04,237 INFO util_modbus_communication.py:137 16344.4s 40.0% Tfv_C=47.6
2024-09-14 22:00:07,001 INFO util_modbus_communication.py:137 16347.1s 40.0% Tfv_C=47.6
2024-09-14 22:00:09,756 INFO util_modbus_communication.py:137 16349.9s 40.0% Tfv_C=47.5
2024-09-14 22:00:12,532 INFO util_modbus_communication.py:137 16352.7s 40.0% Tfv_C=47.3
2024-09-14 22:00:15,330 INFO util_modbus_communication.py:137 16355.5s 40.0% Tfv_C=47.2
2024-09-14 22:00:18,120 INFO util_modbus_communication.py:137 16358.2s 40.0% Tfv_C=46.9
2024-09-14 22:00:20,911 INFO util_modbus_communication.py:137 16361.0s 40.0% Tfv_C=46.8
2024-09-14 22:00:23,691 INFO util_modbus_communication.py:137 16363.8s 40.0% Tfv_C=46.4
2024-09-14 22:00:26,477 INFO util_modbus_communication.py:137 16366.6s 40.0% Tfv_C=46.0
2024-09-14 22:00:29,257 INFO util_modbus_communication.py:137 16369.4s 40.0% Tfv_C=45.8
2024-09-14 22:00:32,038 INFO util_modbus_communication.py:137 16372.2s 40.0% Tfv_C=45.5
2024-09-14 22:00:34,817 INFO util_modbus_communication.py:137 16374.9s 40.0% Tfv_C=45.2
2024-09-14 22:00:37,598 INFO util_modbus_communication.py:137 16377.7s 40.0% Tfv_C=45.1
2024-09-14 22:00:40,359 INFO util_modbus_communication.py:137 16380.5s 40.0% Tfv_C=44.8
2024-09-14 22:00:43,144 INFO util_modbus_communication.py:137 16383.3s 40.0% Tfv_C=44.5
2024-09-14 22:00:45,936 INFO util_modbus_communication.py:137 16386.1s 40.0% Tfv_C=44.4
2024-09-14 22:00:48,708 INFO util_modbus_communication.py:137 16388.8s 40.0% Tfv_C=44.2
2024-09-14 22:00:51,485 INFO util_modbus_communication.py:137 16391.6s 40.0% Tfv_C=44.1
2024-09-14 22:00:54,242 INFO util_modbus_communication.py:137 16394.4s 40.0% Tfv_C=43.9
2024-09-14 22:00:57,024 INFO util_modbus_communication.py:137 16397.1s 40.0% Tfv_C=43.8
2024-09-14 22:00:59,797 INFO util_modbus_communication.py:137 16399.9s 40.0% Tfv_C=43.6
2024-09-14 22:01:02,625 INFO util_modbus_communication.py:137 16402.7s 40.0% Tfv_C=43.5
2024-09-14 22:01:05,389 INFO util_modbus_communication.py:137 16405.5s 40.0% Tfv_C=43.4
2024-09-14 22:01:08,184 INFO util_modbus_communication.py:137 16408.3s 40.0% Tfv_C=43.4
2024-09-14 22:01:10,999 INFO util_modbus_communication.py:137 16411.1s 40.0% Tfv_C=43.2
2024-09-14 22:01:13,784 INFO util_modbus_communication.py:137 16413.9s 40.0% Tfv_C=43.2
2024-09-14 22:01:16,575 INFO util_modbus_communication.py:137 16416.7s 40.0% Tfv_C=43.1
2024-09-14 22:01:19,380 INFO util_modbus_communication.py:137 16419.5s 40.0% Tfv_C=43.1
2024-09-14 22:01:22,144 INFO util_modbus_communication.py:137 16422.3s 40.0% Tfv_C=43.1
2024-09-14 22:01:24,947 INFO util_modbus_communication.py:137 16425.1s 40.0% Tfv_C=43.0
2024-09-14 22:01:27,738 INFO util_modbus_communication.py:137 16427.9s 40.0% Tfv_C=42.9
2024-09-14 22:01:30,525 INFO util_modbus_communication.py:137 16430.6s 40.0% Tfv_C=42.9
2024-09-14 22:01:33,307 INFO util_modbus_communication.py:137 16433.4s 40.0% Tfv_C=42.9
2024-09-14 22:01:36,072 INFO util_modbus_communication.py:137 16436.2s 40.0% Tfv_C=42.8
2024-09-14 22:01:38,854 INFO util_modbus_communication.py:137 16439.0s 40.0% Tfv_C=42.8
2024-09-14 22:01:41,626 INFO util_modbus_communication.py:137 16441.7s 40.0% Tfv_C=42.8
2024-09-14 22:01:44,402 INFO util_modbus_communication.py:137 16444.5s 40.0% Tfv_C=42.8
2024-09-14 22:01:47,171 INFO util_modbus_communication.py:137 16447.3s 40.0% Tfv_C=42.7
2024-09-14 22:01:49,953 INFO util_modbus_communication.py:137 16450.1s 40.0% Tfv_C=42.7
2024-09-14 22:01:52,740 INFO util_modbus_communication.py:137 16452.9s 40.0% Tfv_C=42.7
2024-09-14 22:01:55,524 INFO util_modbus_communication.py:137 16455.6s 40.0% Tfv_C=42.6
2024-09-14 22:01:58,309 INFO util_modbus_communication.py:137 16458.4s 40.0% Tfv_C=42.6
2024-09-14 22:02:01,079 INFO util_modbus_communication.py:137 16461.2s 40.0% Tfv_C=42.6
2024-09-14 22:02:03,875 INFO util_modbus_communication.py:137 16464.0s 40.0% Tfv_C=42.6
2024-09-14 22:02:06,655 INFO util_modbus_communication.py:137 16466.8s 40.0% Tfv_C=42.6
2024-09-14 22:02:09,423 INFO util_modbus_communication.py:137 16469.5s 40.0% Tfv_C=42.5
2024-09-14 22:02:12,211 INFO util_modbus_communication.py:137 16472.3s 40.0% Tfv_C=42.5
2024-09-14 22:02:14,990 INFO util_modbus_communication.py:137 16475.1s 40.0% Tfv_C=42.5
2024-09-14 22:02:17,757 INFO util_modbus_communication.py:137 16477.9s 40.0% Tfv_C=42.4
2024-09-14 22:02:20,519 INFO util_modbus_communication.py:137 16480.6s 40.0% Tfv_C=42.4
2024-09-14 22:02:23,293 INFO util_modbus_communication.py:137 16483.4s 40.0% Tfv_C=42.4
2024-09-14 22:02:26,075 INFO util_modbus_communication.py:137 16486.2s 40.0% Tfv_C=42.4
2024-09-14 22:02:28,838 INFO util_modbus_communication.py:137 16489.0s 40.0% Tfv_C=42.4
2024-09-14 22:02:31,627 INFO util_modbus_communication.py:137 16491.7s 40.0% Tfv_C=42.4
2024-09-14 22:02:34,411 INFO util_modbus_communication.py:137 16494.5s 40.0% Tfv_C=42.4
2024-09-14 22:02:37,191 INFO util_modbus_communication.py:137 16497.3s 40.0% Tfv_C=42.4
2024-09-14 22:02:39,954 INFO util_modbus_communication.py:137 16500.1s 40.0% Tfv_C=42.3
2024-09-14 22:02:42,740 INFO util_modbus_communication.py:137 16502.9s 40.0% Tfv_C=42.3
2024-09-14 22:02:45,495 INFO util_modbus_communication.py:137 16505.6s 40.0% Tfv_C=42.3
2024-09-14 22:02:48,270 INFO util_modbus_communication.py:137 16508.4s 40.0% Tfv_C=42.3
2024-09-14 22:02:51,057 INFO util_modbus_communication.py:137 16511.2s 40.0% Tfv_C=42.3
2024-09-14 22:02:53,858 INFO util_modbus_communication.py:137 16514.0s 40.0% Tfv_C=42.2
2024-09-14 22:02:56,634 INFO util_modbus_communication.py:137 16516.8s 40.0% Tfv_C=42.2
2024-09-14 22:02:59,418 INFO util_modbus_communication.py:137 16519.5s 40.0% Tfv_C=42.2
2024-09-14 22:03:02,211 INFO util_modbus_communication.py:137 16522.3s 40.0% Tfv_C=42.2
2024-09-14 22:03:04,992 INFO util_modbus_communication.py:137 16525.1s 40.0% Tfv_C=42.2
2024-09-14 22:03:07,759 INFO util_modbus_communication.py:137 16527.9s 40.0% Tfv_C=42.2
2024-09-14 22:03:10,537 INFO util_modbus_communication.py:137 16530.7s 40.0% Tfv_C=42.2
2024-09-14 22:03:13,341 INFO util_modbus_communication.py:137 16533.5s 40.0% Tfv_C=42.2
2024-09-14 22:03:16,106 INFO util_modbus_communication.py:137 16536.2s 40.0% Tfv_C=42.2
2024-09-14 22:03:18,874 INFO util_modbus_communication.py:137 16539.0s 40.0% Tfv_C=42.2
2024-09-14 22:03:21,652 INFO util_modbus_communication.py:137 16541.8s 40.0% Tfv_C=42.2
2024-09-14 22:03:24,424 INFO util_modbus_communication.py:137 16544.5s 40.0% Tfv_C=42.1
2024-09-14 22:03:27,207 INFO util_modbus_communication.py:137 16547.3s 40.0% Tfv_C=42.1
2024-09-14 22:03:29,967 INFO util_modbus_communication.py:137 16550.1s 40.0% Tfv_C=42.1
2024-09-14 22:03:31,749 INFO util_scenarios.py:105 Scenario: Remove ScenarioOverwriteMischventil(duration_s=1.1791591760011215, stellwert_100=40.0)
2024-09-14 22:03:32,759 INFO util_modbus_communication.py:137 16552.9s 60.0% Tfv_C=42.1
2024-09-14 22:03:35,524 INFO util_modbus_communication.py:137 16555.6s 60.0% Tfv_C=42.1
2024-09-14 22:03:38,326 INFO util_modbus_communication.py:137 16558.4s 60.0% Tfv_C=42.1
2024-09-14 22:03:41,101 INFO util_modbus_communication.py:137 16561.2s 60.0% Tfv_C=42.1
2024-09-14 22:03:43,888 INFO util_modbus_communication.py:137 16564.0s 60.0% Tfv_C=42.1
2024-09-14 22:03:46,674 INFO util_modbus_communication.py:137 16566.8s 60.0% Tfv_C=42.1
2024-09-14 22:03:49,466 INFO util_modbus_communication.py:137 16569.6s 60.0% Tfv_C=42.1
2024-09-14 22:03:52,243 INFO util_modbus_communication.py:137 16572.4s 60.0% Tfv_C=42.1
2024-09-14 22:03:55,022 INFO util_modbus_communication.py:137 16575.1s 60.0% Tfv_C=42.1
2024-09-14 22:03:57,784 INFO util_modbus_communication.py:137 16577.9s 60.0% Tfv_C=42.0
2024-09-14 22:04:00,555 INFO util_modbus_communication.py:137 16580.7s 60.0% Tfv_C=42.0
2024-09-14 22:04:03,327 INFO util_modbus_communication.py:137 16583.4s 60.0% Tfv_C=42.0
2024-09-14 22:04:06,109 INFO util_modbus_communication.py:137 16586.2s 60.0% Tfv_C=42.1
2024-09-14 22:04:08,882 INFO util_modbus_communication.py:137 16589.0s 60.0% Tfv_C=42.1
2024-09-14 22:04:11,663 INFO util_modbus_communication.py:137 16591.8s 60.0% Tfv_C=42.2
2024-09-14 22:04:14,452 INFO util_modbus_communication.py:137 16594.6s 60.0% Tfv_C=42.2
2024-09-14 22:04:17,224 INFO util_modbus_communication.py:137 16597.3s 60.0% Tfv_C=42.6
2024-09-14 22:04:20,009 INFO util_modbus_communication.py:137 16600.1s 60.0% Tfv_C=42.9
2024-09-14 22:04:22,773 INFO util_modbus_communication.py:137 16602.9s 60.0% Tfv_C=43.1
2024-09-14 22:04:25,555 INFO util_modbus_communication.py:137 16605.7s 60.0% Tfv_C=43.4
2024-09-14 22:04:28,313 INFO util_modbus_communication.py:137 16608.4s 60.0% Tfv_C=43.8
2024-09-14 22:04:31,094 INFO util_modbus_communication.py:137 16611.2s 60.0% Tfv_C=44.0
2024-09-14 22:04:33,884 INFO util_modbus_communication.py:137 16614.0s 60.0% Tfv_C=44.3
2024-09-14 22:04:36,655 INFO util_modbus_communication.py:137 16616.8s 60.0% Tfv_C=44.4
2024-09-14 22:04:39,421 INFO util_modbus_communication.py:137 16619.5s 60.0% Tfv_C=44.7
2024-09-14 22:04:42,229 INFO util_modbus_communication.py:137 16622.4s 60.0% Tfv_C=44.9
2024-09-14 22:04:45,018 INFO util_modbus_communication.py:137 16625.1s 60.0% Tfv_C=45.1
2024-09-14 22:04:47,790 INFO util_modbus_communication.py:137 16627.9s 60.0% Tfv_C=45.2
2024-09-14 22:04:50,562 INFO util_modbus_communication.py:137 16630.7s 60.0% Tfv_C=45.4
2024-09-14 22:04:53,335 INFO util_modbus_communication.py:137 16633.5s 60.0% Tfv_C=45.6
2024-09-14 22:04:56,120 INFO util_modbus_communication.py:137 16636.2s 60.0% Tfv_C=45.7
2024-09-14 22:04:58,872 INFO util_modbus_communication.py:137 16639.0s 60.0% Tfv_C=45.8
2024-09-14 22:05:01,639 INFO util_modbus_communication.py:137 16641.8s 60.0% Tfv_C=45.9
2024-09-14 22:05:04,407 INFO util_modbus_communication.py:137 16644.5s 60.0% Tfv_C=46.0
2024-09-14 22:05:07,222 INFO util_modbus_communication.py:137 16647.3s 60.0% Tfv_C=46.0
2024-09-14 22:05:09,982 INFO util_modbus_communication.py:137 16650.1s 60.0% Tfv_C=46.1
2024-09-14 22:05:12,788 INFO util_modbus_communication.py:137 16652.9s 60.0% Tfv_C=46.2
2024-09-14 22:05:15,563 INFO util_modbus_communication.py:137 16655.7s 60.0% Tfv_C=46.2
2024-09-14 22:05:18,333 INFO util_modbus_communication.py:137 16658.5s 60.0% Tfv_C=46.3
2024-09-14 22:05:21,105 INFO util_modbus_communication.py:137 16661.2s 60.0% Tfv_C=46.3
2024-09-14 22:05:23,870 INFO util_modbus_communication.py:137 16664.0s 60.0% Tfv_C=46.4
2024-09-14 22:05:26,658 INFO util_modbus_communication.py:137 16666.8s 60.0% Tfv_C=46.4
2024-09-14 22:05:29,420 INFO util_modbus_communication.py:137 16669.5s 60.0% Tfv_C=46.4
2024-09-14 22:05:32,198 INFO util_modbus_communication.py:137 16672.3s 60.0% Tfv_C=46.5
2024-09-14 22:05:34,978 INFO util_modbus_communication.py:137 16675.1s 60.0% Tfv_C=46.6
2024-09-14 22:05:37,779 INFO util_modbus_communication.py:137 16677.9s 60.0% Tfv_C=46.6
2024-09-14 22:05:40,538 INFO util_modbus_communication.py:137 16680.7s 60.0% Tfv_C=46.6
2024-09-14 22:05:43,318 INFO util_modbus_communication.py:137 16683.4s 60.0% Tfv_C=46.6
2024-09-14 22:05:46,076 INFO util_modbus_communication.py:137 16686.2s 60.0% Tfv_C=46.6
2024-09-14 22:05:48,853 INFO util_modbus_communication.py:137 16689.0s 60.0% Tfv_C=46.6
2024-09-14 22:05:51,616 INFO util_modbus_communication.py:137 16691.7s 60.0% Tfv_C=46.6
2024-09-14 22:05:54,397 INFO util_modbus_communication.py:137 16694.5s 60.0% Tfv_C=46.7
2024-09-14 22:05:57,173 INFO util_modbus_communication.py:137 16697.3s 60.0% Tfv_C=46.7
2024-09-14 22:05:59,959 INFO util_modbus_communication.py:137 16700.1s 60.0% Tfv_C=46.7
2024-09-14 22:06:02,733 INFO util_modbus_communication.py:137 16702.9s 60.0% Tfv_C=46.7
2024-09-14 22:06:05,508 INFO util_modbus_communication.py:137 16705.6s 60.0% Tfv_C=46.8
2024-09-14 22:06:08,311 INFO util_modbus_communication.py:137 16708.4s 60.0% Tfv_C=46.8
2024-09-14 22:06:11,112 INFO util_modbus_communication.py:137 16711.2s 60.0% Tfv_C=46.8
2024-09-14 22:06:13,899 INFO util_modbus_communication.py:137 16714.0s 60.0% Tfv_C=46.8
2024-09-14 22:06:16,666 INFO util_modbus_communication.py:137 16716.8s 60.0% Tfv_C=46.8
2024-09-14 22:06:19,470 INFO util_modbus_communication.py:137 16719.6s 60.0% Tfv_C=46.8
2024-09-14 22:06:22,233 INFO util_modbus_communication.py:137 16722.4s 60.0% Tfv_C=46.8
2024-09-14 22:06:25,016 INFO util_modbus_communication.py:137 16725.1s 60.0% Tfv_C=46.8
2024-09-14 22:06:27,781 INFO util_modbus_communication.py:137 16727.9s 60.0% Tfv_C=46.8
2024-09-14 22:06:30,569 INFO util_modbus_communication.py:137 16730.7s 60.0% Tfv_C=46.8
2024-09-14 22:06:33,336 INFO util_modbus_communication.py:137 16733.5s 60.0% Tfv_C=46.8
2024-09-14 22:06:36,128 INFO util_modbus_communication.py:137 16736.3s 60.0% Tfv_C=46.8
2024-09-14 22:06:38,881 INFO util_modbus_communication.py:137 16739.0s 60.0% Tfv_C=46.8
2024-09-14 22:06:41,661 INFO util_modbus_communication.py:137 16741.8s 60.0% Tfv_C=46.8
2024-09-14 22:06:44,437 INFO util_modbus_communication.py:137 16744.6s 60.0% Tfv_C=46.8
2024-09-14 22:06:47,202 INFO util_modbus_communication.py:137 16747.3s 60.0% Tfv_C=46.9
2024-09-14 22:06:49,983 INFO util_modbus_communication.py:137 16750.1s 60.0% Tfv_C=46.9
2024-09-14 22:06:52,744 INFO util_modbus_communication.py:137 16752.9s 60.0% Tfv_C=46.9
2024-09-14 22:06:55,525 INFO util_modbus_communication.py:137 16755.6s 60.0% Tfv_C=46.9
2024-09-14 22:06:58,287 INFO util_modbus_communication.py:137 16758.4s 60.0% Tfv_C=46.9
2024-09-14 22:07:01,070 INFO util_modbus_communication.py:137 16761.2s 60.0% Tfv_C=46.9
2024-09-14 22:07:03,866 INFO util_modbus_communication.py:137 16764.0s 60.0% Tfv_C=46.9
2024-09-14 22:07:06,702 INFO util_modbus_communication.py:137 16766.8s 60.0% Tfv_C=46.9
2024-09-14 22:07:09,602 INFO util_modbus_communication.py:137 16769.7s 60.0% Tfv_C=46.9
2024-09-14 22:07:12,383 INFO util_modbus_communication.py:137 16772.5s 60.0% Tfv_C=46.9
2024-09-14 22:07:15,213 INFO util_modbus_communication.py:137 16775.3s 60.0% Tfv_C=46.9
2024-09-14 22:07:17,994 INFO util_modbus_communication.py:137 16778.1s 60.0% Tfv_C=46.9
2024-09-14 22:07:20,795 INFO util_modbus_communication.py:137 16780.9s 60.0% Tfv_C=46.9
2024-09-14 22:07:23,567 INFO util_modbus_communication.py:137 16783.7s 60.0% Tfv_C=46.9
2024-09-14 22:07:26,356 INFO util_modbus_communication.py:137 16786.5s 60.0% Tfv_C=46.9
2024-09-14 22:07:29,143 INFO util_modbus_communication.py:137 16789.3s 60.0% Tfv_C=46.9
2024-09-14 22:07:31,921 INFO util_modbus_communication.py:137 16792.0s 60.0% Tfv_C=46.9
2024-09-14 22:07:34,689 INFO util_scenarios.py:105 Scenario: Remove ScenarioOverwriteMischventil(duration_s=0.3678257070023392, stellwert_100=60.0)
2024-09-14 22:07:34,690 INFO util_modbus_communication.py:137 16794.8s 60.0% Tfv_C=46.9
2024-09-14 22:07:37,481 INFO util_modbus_communication.py:137 16797.6s 40.0% Tfv_C=46.9
2024-09-14 22:07:40,257 INFO util_modbus_communication.py:137 16800.4s 40.0% Tfv_C=46.9
2024-09-14 22:07:43,043 INFO util_modbus_communication.py:137 16803.2s 40.0% Tfv_C=47.0
2024-09-14 22:07:45,808 INFO util_modbus_communication.py:137 16805.9s 40.0% Tfv_C=47.0
2024-09-14 22:07:48,586 INFO util_modbus_communication.py:137 16808.7s 40.0% Tfv_C=47.0
2024-09-14 22:07:51,360 INFO util_modbus_communication.py:137 16811.5s 40.0% Tfv_C=47.0
2024-09-14 22:07:54,131 INFO util_modbus_communication.py:137 16814.3s 40.0% Tfv_C=47.0
2024-09-14 22:07:56,914 INFO util_modbus_communication.py:137 16817.0s 40.0% Tfv_C=47.0
2024-09-14 22:07:59,681 INFO util_modbus_communication.py:137 16819.8s 40.0% Tfv_C=47.0
2024-09-14 22:08:02,449 INFO util_modbus_communication.py:137 16822.6s 40.0% Tfv_C=47.0
2024-09-14 22:08:05,219 INFO util_modbus_communication.py:137 16825.3s 40.0% Tfv_C=47.0
2024-09-14 22:08:08,004 INFO util_modbus_communication.py:137 16828.1s 40.0% Tfv_C=47.0
2024-09-14 22:08:10,779 INFO util_modbus_communication.py:137 16830.9s 40.0% Tfv_C=47.0
2024-09-14 22:08:13,566 INFO util_modbus_communication.py:137 16833.7s 40.0% Tfv_C=46.9
2024-09-14 22:08:16,346 INFO util_modbus_communication.py:137 16836.5s 40.0% Tfv_C=46.9
2024-09-14 22:08:19,185 INFO util_modbus_communication.py:137 16839.3s 40.0% Tfv_C=46.7
2024-09-14 22:08:21,958 INFO util_modbus_communication.py:137 16842.1s 40.0% Tfv_C=46.4
2024-09-14 22:08:24,737 INFO util_modbus_communication.py:137 16844.9s 40.0% Tfv_C=46.2
2024-09-14 22:08:27,615 INFO util_modbus_communication.py:137 16847.7s 40.0% Tfv_C=45.9
2024-09-14 22:08:30,377 INFO util_modbus_communication.py:137 16850.5s 40.0% Tfv_C=45.7
2024-09-14 22:08:33,242 INFO util_modbus_communication.py:137 16853.4s 40.0% Tfv_C=45.3
2024-09-14 22:08:36,024 INFO util_modbus_communication.py:137 16856.1s 40.0% Tfv_C=45.0
2024-09-14 22:08:38,824 INFO util_modbus_communication.py:137 16858.9s 40.0% Tfv_C=44.8
2024-09-14 22:08:41,580 INFO util_modbus_communication.py:137 16861.7s 40.0% Tfv_C=44.6
2024-09-14 22:08:44,367 INFO util_modbus_communication.py:137 16864.5s 40.0% Tfv_C=44.3
2024-09-14 22:08:47,142 INFO util_modbus_communication.py:137 16867.3s 40.0% Tfv_C=44.1
2024-09-14 22:08:49,945 INFO util_modbus_communication.py:137 16870.1s 40.0% Tfv_C=43.9
2024-09-14 22:08:52,725 INFO util_modbus_communication.py:137 16872.8s 40.0% Tfv_C=43.8
2024-09-14 22:08:55,497 INFO util_modbus_communication.py:137 16875.6s 40.0% Tfv_C=43.6
2024-09-14 22:08:58,259 INFO util_modbus_communication.py:137 16878.4s 40.0% Tfv_C=43.5
2024-09-14 22:09:01,046 INFO util_modbus_communication.py:137 16881.2s 40.0% Tfv_C=43.4
2024-09-14 22:09:03,818 INFO util_modbus_communication.py:137 16883.9s 40.0% Tfv_C=43.2
2024-09-14 22:09:06,595 INFO util_modbus_communication.py:137 16886.7s 40.0% Tfv_C=43.2
2024-09-14 22:09:09,382 INFO util_modbus_communication.py:137 16889.5s 40.0% Tfv_C=43.1
2024-09-14 22:09:12,198 INFO util_modbus_communication.py:137 16892.3s 40.0% Tfv_C=43.0
2024-09-14 22:09:14,990 INFO util_modbus_communication.py:137 16895.1s 40.0% Tfv_C=42.9
2024-09-14 22:09:17,748 INFO util_modbus_communication.py:137 16897.9s 40.0% Tfv_C=42.9
2024-09-14 22:09:20,527 INFO util_modbus_communication.py:137 16900.6s 40.0% Tfv_C=42.9
2024-09-14 22:09:23,304 INFO util_modbus_communication.py:137 16903.4s 40.0% Tfv_C=42.8
2024-09-14 22:09:26,101 INFO util_modbus_communication.py:137 16906.2s 40.0% Tfv_C=42.8
2024-09-14 22:09:28,880 INFO util_modbus_communication.py:137 16909.0s 40.0% Tfv_C=42.7
2024-09-14 22:09:31,660 INFO util_modbus_communication.py:137 16911.8s 40.0% Tfv_C=42.7
2024-09-14 22:09:34,427 INFO util_modbus_communication.py:137 16914.5s 40.0% Tfv_C=42.7
2024-09-14 22:09:37,216 INFO util_modbus_communication.py:137 16917.3s 40.0% Tfv_C=42.6
2024-09-14 22:09:39,987 INFO util_modbus_communication.py:137 16920.1s 40.0% Tfv_C=42.6
2024-09-14 22:09:42,752 INFO util_modbus_communication.py:137 16922.9s 40.0% Tfv_C=42.6
2024-09-14 22:09:45,537 INFO util_modbus_communication.py:137 16925.7s 40.0% Tfv_C=42.6
2024-09-14 22:09:48,297 INFO util_modbus_communication.py:137 16928.4s 40.0% Tfv_C=42.6
2024-09-14 22:09:51,087 INFO util_modbus_communication.py:137 16931.2s 40.0% Tfv_C=42.6
2024-09-14 22:09:53,880 INFO util_modbus_communication.py:137 16934.0s 40.0% Tfv_C=42.5
2024-09-14 22:09:56,679 INFO util_modbus_communication.py:137 16936.8s 40.0% Tfv_C=42.5
2024-09-14 22:09:59,453 INFO util_modbus_communication.py:137 16939.6s 40.0% Tfv_C=42.5
2024-09-14 22:10:02,243 INFO util_modbus_communication.py:137 16942.4s 40.0% Tfv_C=42.5
2024-09-14 22:10:05,007 INFO util_modbus_communication.py:137 16945.1s 40.0% Tfv_C=42.4
2024-09-14 22:10:07,786 INFO util_modbus_communication.py:137 16947.9s 40.0% Tfv_C=42.4
2024-09-14 22:10:10,547 INFO util_modbus_communication.py:137 16950.7s 40.0% Tfv_C=42.4
2024-09-14 22:10:13,413 INFO util_modbus_communication.py:137 16953.5s 40.0% Tfv_C=42.4
2024-09-14 22:10:16,202 INFO util_modbus_communication.py:137 16956.3s 40.0% Tfv_C=42.4
2024-09-14 22:10:18,972 INFO util_modbus_communication.py:137 16959.1s 40.0% Tfv_C=42.4
2024-09-14 22:10:21,835 INFO util_modbus_communication.py:137 16962.0s 40.0% Tfv_C=42.4
2024-09-14 22:10:24,703 INFO util_modbus_communication.py:137 16964.8s 40.0% Tfv_C=42.4
2024-09-14 22:10:27,617 INFO util_modbus_communication.py:137 16967.7s 40.0% Tfv_C=42.4
2024-09-14 22:10:30,482 INFO util_modbus_communication.py:137 16970.6s 40.0% Tfv_C=42.4
2024-09-14 22:10:33,302 INFO util_modbus_communication.py:137 16973.4s 40.0% Tfv_C=42.4
2024-09-14 22:10:36,093 INFO util_modbus_communication.py:137 16976.2s 40.0% Tfv_C=42.4
2024-09-14 22:10:38,964 INFO util_modbus_communication.py:137 16979.1s 40.0% Tfv_C=42.4
2024-09-14 22:10:41,744 INFO util_modbus_communication.py:137 16981.9s 40.0% Tfv_C=42.4
2024-09-14 22:10:44,514 INFO util_modbus_communication.py:137 16984.6s 40.0% Tfv_C=42.4
2024-09-14 22:10:47,523 INFO util_modbus_communication.py:137 16987.6s 40.0% Tfv_C=42.4
2024-09-14 22:10:50,280 INFO util_modbus_communication.py:137 16990.4s 40.0% Tfv_C=42.4
2024-09-14 22:10:53,124 INFO util_modbus_communication.py:137 16993.2s 40.0% Tfv_C=42.4
2024-09-14 22:10:55,921 INFO util_modbus_communication.py:137 16996.0s 40.0% Tfv_C=42.4
2024-09-14 22:10:58,697 INFO util_modbus_communication.py:137 16998.8s 40.0% Tfv_C=42.4
2024-09-14 22:11:01,586 INFO util_modbus_communication.py:137 17001.7s 40.0% Tfv_C=42.4
2024-09-14 22:11:04,488 INFO util_modbus_communication.py:137 17004.6s 40.0% Tfv_C=42.4
2024-09-14 22:11:07,250 INFO util_modbus_communication.py:137 17007.4s 40.0% Tfv_C=42.4
2024-09-14 22:11:10,037 INFO util_modbus_communication.py:137 17010.2s 40.0% Tfv_C=42.4
2024-09-14 22:11:12,889 INFO util_modbus_communication.py:137 17013.0s 40.0% Tfv_C=42.4
2024-09-14 22:11:15,671 INFO util_modbus_communication.py:137 17015.8s 40.0% Tfv_C=42.4
2024-09-14 22:11:18,507 INFO util_modbus_communication.py:137 17018.6s 40.0% Tfv_C=42.4
2024-09-14 22:11:21,415 INFO util_modbus_communication.py:137 17021.5s 40.0% Tfv_C=42.4
2024-09-14 22:11:24,183 INFO util_modbus_communication.py:137 17024.3s 40.0% Tfv_C=42.4
2024-09-14 22:11:26,949 INFO util_modbus_communication.py:137 17027.1s 40.0% Tfv_C=42.4
2024-09-14 22:11:29,831 INFO util_modbus_communication.py:137 17030.0s 40.0% Tfv_C=42.4
2024-09-14 22:11:32,602 INFO util_modbus_communication.py:137 17032.7s 40.0% Tfv_C=42.4
2024-09-14 22:11:35,413 INFO util_modbus_communication.py:137 17035.5s 40.0% Tfv_C=42.4
2024-09-14 22:11:38,289 INFO util_scenarios.py:105 Scenario: Remove ScenarioOverwriteMischventil(duration_s=2.0677480730009847, stellwert_100=40.0)
2024-09-14 22:11:38,291 INFO util_modbus_communication.py:137 17038.4s 40.0% Tfv_C=42.4
