2024-09-15 17:19:31,874 INFO util_ssh_repl.py:69 Access repl using: ssh -p 8022 localhost
2024-09-15 17:19:32,809 INFO hsm_dezentral.py:177 Haus 1(modbus=101): version sw=0.1.4 hw=1.0.0
2024-09-15 17:19:32,813 INFO util_logger.py:43 HsmHaus01: initializing ==>entry_ok==> ok (modbus_history)
2024-09-15 17:19:32,944 INFO hsm_dezentral.py:177 Haus 2(modbus=102): version sw=0.1.4 hw=1.0.0
2024-09-15 17:19:32,948 INFO util_logger.py:43 HsmHaus02: initializing ==>entry_ok==> ok (modbus_history)
2024-09-15 17:19:33,074 INFO hsm_dezentral.py:177 Haus 3(modbus=103): version sw=0.1.4 hw=1.0.0
2024-09-15 17:19:33,075 INFO util_logger.py:43 HsmHaus03: initializing ==>entry_ok==> ok (modbus_history)
2024-09-15 17:19:33,210 INFO hsm_dezentral.py:177 Haus 4(modbus=104): version sw=0.1.4 hw=1.0.0
2024-09-15 17:19:33,211 INFO util_logger.py:43 HsmHaus04: initializing ==>entry_ok==> ok (modbus_history)
2024-09-15 17:19:33,400 INFO hsm_dezentral.py:177 Haus 5(modbus=105): version sw=0.1.4 hw=1.0.0
2024-09-15 17:19:33,401 INFO util_logger.py:43 HsmHaus05: initializing ==>entry_ok==> ok (modbus_history)
2024-09-15 17:19:33,885 INFO hsm_dezentral.py:177 Haus 6(modbus=106): version sw=0.1.4 hw=1.0.0
2024-09-15 17:19:33,886 INFO util_logger.py:43 HsmHaus06: initializing ==>entry_ok==> ok (modbus_history)
2024-09-15 17:19:34,010 INFO hsm_dezentral.py:177 Haus 7(modbus=107): version sw=0.1.4 hw=1.0.0
2024-09-15 17:19:34,011 INFO util_logger.py:43 HsmHaus07: initializing ==>entry_ok==> ok (modbus_history)
2024-09-15 17:19:34,209 INFO hsm_dezentral.py:177 Haus 8(modbus=108): version sw=0.1.4 hw=1.0.0
2024-09-15 17:19:34,210 INFO util_logger.py:43 HsmHaus08: initializing ==>entry_ok==> ok (modbus_history)
2024-09-15 17:19:34,341 INFO hsm_dezentral.py:177 Haus 9(modbus=109): version sw=0.1.4 hw=1.0.0
2024-09-15 17:19:34,346 INFO util_logger.py:43 HsmHaus09: initializing ==>entry_ok==> ok (modbus_history)
2024-09-15 17:19:34,475 INFO hsm_dezentral.py:177 Haus 10(modbus=110): version sw=0.1.4 hw=1.0.0
2024-09-15 17:19:34,476 INFO util_logger.py:43 HsmHaus10: initializing ==>entry_ok==> ok (modbus_history)
2024-09-15 17:19:34,606 INFO hsm_dezentral.py:177 Haus 11(modbus=111): version sw=0.1.4 hw=1.0.0
2024-09-15 17:19:34,607 INFO util_logger.py:43 HsmHaus11: initializing ==>entry_ok==> ok (modbus_history)
2024-09-15 17:19:34,730 INFO hsm_dezentral.py:177 Haus 12(modbus=112): version sw=0.1.4 hw=1.0.0
2024-09-15 17:19:34,731 INFO util_logger.py:43 HsmHaus12: initializing ==>entry_ok==> ok (modbus_history)
2024-09-15 17:19:34,900 INFO hsm_dezentral.py:177 Haus 13(modbus=113): version sw=0.1.4 hw=1.0.0
2024-09-15 17:19:34,901 INFO util_logger.py:43 HsmHaus13: initializing ==>entry_ok==> ok (modbus_history)
2024-09-15 17:19:35,427 INFO hsm_dezentral.py:177 Haus 14(modbus=114): version sw=0.1.4 hw=1.0.0
2024-09-15 17:19:35,428 INFO util_logger.py:43 HsmHaus14: initializing ==>entry_ok==> ok (modbus_history)
2024-09-15 17:19:35,558 INFO hsm_dezentral.py:177 Haus 15(modbus=115): version sw=0.1.4 hw=1.0.0
2024-09-15 17:19:35,559 INFO util_logger.py:43 HsmHaus15: initializing ==>entry_ok==> ok (modbus_history)
2024-09-15 17:19:35,564 INFO util_modbus_communication.py:135 65294.2s 50.0% Tfv_C=54.4
2024-09-15 17:19:36,118 INFO util_logger.py:43 HsmZentral: initializing ==>entry_ok_drehschalterauto==> ok_drehschalterauto_regeln
2024-09-15 17:19:39,127 INFO util_modbus_communication.py:135 65297.8s 50.0% Tfv_C=54.4
2024-09-15 17:19:42,629 INFO util_modbus_communication.py:135 65301.3s 50.0% Tfv_C=54.4
2024-09-15 17:19:42,950 INFO util_scenarios.py:99 Scenario: Add ScenarioHausValveOpenCloseOthers(haus_nummer=7, duration_s=3600.0)
2024-09-15 17:19:46,837 INFO util_modbus_communication.py:135 65305.5s 50.0% Tfv_C=54.5
2024-09-15 17:19:50,078 INFO util_modbus_communication.py:135 65308.7s 50.0% Tfv_C=54.5
2024-09-15 17:19:53,752 INFO util_modbus_communication.py:135 65312.4s 50.0% Tfv_C=54.5
2024-09-15 17:19:55,356 INFO util_scenarios.py:99 Scenario: Add ScenarioOverwriteMischventil(duration_s=180.0, stellwert_100=60.0)
2024-09-15 17:19:56,534 INFO util_modbus_communication.py:135 65315.2s 60.0% Tfv_C=54.6
2024-09-15 17:19:59,323 INFO util_modbus_communication.py:135 65318.0s 60.0% Tfv_C=54.6
2024-09-15 17:20:01,507 INFO util_scenarios.py:99 Scenario: Add ScenarioOverwriteMischventil(duration_s=180.0, stellwert_100=40.0)
2024-09-15 17:20:02,203 INFO util_modbus_communication.py:135 65320.8s 60.0% Tfv_C=54.6
2024-09-15 17:20:05,085 INFO util_modbus_communication.py:135 65323.7s 60.0% Tfv_C=54.6
2024-09-15 17:20:06,181 INFO util_scenarios.py:99 Scenario: Add ScenarioOverwriteMischventil(duration_s=180.0, stellwert_100=60.0)
2024-09-15 17:20:07,878 INFO util_modbus_communication.py:135 65326.5s 60.0% Tfv_C=54.7
2024-09-15 17:20:10,659 INFO util_modbus_communication.py:135 65329.3s 60.0% Tfv_C=54.8
2024-09-15 17:20:13,445 INFO util_modbus_communication.py:135 65332.1s 60.0% Tfv_C=54.9
2024-09-15 17:20:16,231 INFO util_modbus_communication.py:135 65334.9s 60.0% Tfv_C=54.9
2024-09-15 17:20:19,139 INFO util_modbus_communication.py:135 65337.8s 60.0% Tfv_C=54.9
2024-09-15 17:20:20,707 INFO util_scenarios.py:99 Scenario: Add ScenarioOverwriteMischventil(duration_s=180.0, stellwert_100=40.0)
2024-09-15 17:20:22,014 INFO util_modbus_communication.py:135 65340.7s 60.0% Tfv_C=54.9
2024-09-15 17:20:24,824 INFO util_modbus_communication.py:135 65343.5s 60.0% Tfv_C=54.9
2024-09-15 17:20:27,614 INFO util_modbus_communication.py:135 65346.3s 60.0% Tfv_C=54.9
2024-09-15 17:20:30,370 INFO util_modbus_communication.py:135 65349.0s 60.0% Tfv_C=54.8
2024-09-15 17:20:33,163 INFO util_modbus_communication.py:135 65351.8s 60.0% Tfv_C=54.6
2024-09-15 17:20:35,949 INFO util_modbus_communication.py:135 65354.6s 60.0% Tfv_C=54.2
2024-09-15 17:20:38,725 INFO util_modbus_communication.py:135 65357.4s 60.0% Tfv_C=53.8
2024-09-15 17:20:41,514 INFO util_modbus_communication.py:135 65360.2s 60.0% Tfv_C=53.6
2024-09-15 17:20:44,293 INFO util_modbus_communication.py:135 65362.9s 60.0% Tfv_C=53.1
2024-09-15 17:20:47,052 INFO util_modbus_communication.py:135 65365.7s 60.0% Tfv_C=52.7
2024-09-15 17:20:49,819 INFO util_modbus_communication.py:135 65368.5s 60.0% Tfv_C=52.5
2024-09-15 17:20:52,606 INFO util_modbus_communication.py:135 65371.3s 60.0% Tfv_C=52.2
2024-09-15 17:20:55,380 INFO util_modbus_communication.py:135 65374.0s 60.0% Tfv_C=52.0
2024-09-15 17:20:58,136 INFO util_modbus_communication.py:135 65376.8s 60.0% Tfv_C=51.9
2024-09-15 17:21:00,939 INFO util_modbus_communication.py:135 65379.6s 60.0% Tfv_C=51.6
2024-09-15 17:21:03,716 INFO util_modbus_communication.py:135 65382.4s 60.0% Tfv_C=51.4
2024-09-15 17:21:06,551 INFO util_modbus_communication.py:135 65385.2s 60.0% Tfv_C=51.4
2024-09-15 17:21:09,352 INFO util_modbus_communication.py:135 65388.0s 60.0% Tfv_C=51.2
2024-09-15 17:21:12,150 INFO util_modbus_communication.py:135 65390.8s 60.0% Tfv_C=51.1
2024-09-15 17:21:14,934 INFO util_modbus_communication.py:135 65393.6s 60.0% Tfv_C=51.0
2024-09-15 17:21:17,734 INFO util_modbus_communication.py:135 65396.4s 60.0% Tfv_C=50.9
2024-09-15 17:21:20,514 INFO util_modbus_communication.py:135 65399.2s 60.0% Tfv_C=50.8
2024-09-15 17:21:23,337 INFO util_modbus_communication.py:135 65402.0s 60.0% Tfv_C=50.7
2024-09-15 17:21:26,112 INFO util_modbus_communication.py:135 65404.8s 60.0% Tfv_C=50.6
2024-09-15 17:21:28,896 INFO util_modbus_communication.py:135 65407.5s 60.0% Tfv_C=50.5
2024-09-15 17:21:31,665 INFO util_modbus_communication.py:135 65410.3s 60.0% Tfv_C=50.5
2024-09-15 17:21:34,468 INFO util_modbus_communication.py:135 65413.1s 60.0% Tfv_C=50.4
2024-09-15 17:21:37,285 INFO util_modbus_communication.py:135 65415.9s 60.0% Tfv_C=50.3
2024-09-15 17:21:40,106 INFO util_modbus_communication.py:135 65418.8s 60.0% Tfv_C=50.2
2024-09-15 17:21:42,863 INFO util_modbus_communication.py:135 65421.5s 60.0% Tfv_C=50.2
2024-09-15 17:21:45,692 INFO util_modbus_communication.py:135 65424.3s 60.0% Tfv_C=50.1
2024-09-15 17:21:48,447 INFO util_modbus_communication.py:135 65427.1s 60.0% Tfv_C=50.1
2024-09-15 17:21:51,297 INFO util_modbus_communication.py:135 65429.9s 60.0% Tfv_C=50.1
2024-09-15 17:21:54,189 INFO util_modbus_communication.py:135 65432.8s 60.0% Tfv_C=50.0
2024-09-15 17:21:56,968 INFO util_modbus_communication.py:135 65435.6s 60.0% Tfv_C=49.9
2024-09-15 17:21:59,747 INFO util_modbus_communication.py:135 65438.4s 60.0% Tfv_C=49.9
2024-09-15 17:22:02,629 INFO util_modbus_communication.py:135 65441.3s 60.0% Tfv_C=49.9
2024-09-15 17:22:05,489 INFO util_modbus_communication.py:135 65444.1s 60.0% Tfv_C=49.8
2024-09-15 17:22:08,249 INFO util_modbus_communication.py:135 65446.9s 60.0% Tfv_C=49.8
2024-09-15 17:22:11,038 INFO util_modbus_communication.py:135 65449.7s 60.0% Tfv_C=49.8
2024-09-15 17:22:13,802 INFO util_modbus_communication.py:135 65452.4s 60.0% Tfv_C=49.8
2024-09-15 17:22:16,563 INFO util_modbus_communication.py:135 65455.2s 60.0% Tfv_C=49.7
2024-09-15 17:22:19,349 INFO util_modbus_communication.py:135 65458.0s 60.0% Tfv_C=49.7
2024-09-15 17:22:22,175 INFO util_modbus_communication.py:135 65460.8s 60.0% Tfv_C=49.6
2024-09-15 17:22:25,046 INFO util_modbus_communication.py:135 65463.7s 60.0% Tfv_C=49.6
2024-09-15 17:22:27,857 INFO util_modbus_communication.py:135 65466.5s 60.0% Tfv_C=49.6
2024-09-15 17:22:30,643 INFO util_modbus_communication.py:135 65469.3s 60.0% Tfv_C=49.6
2024-09-15 17:22:33,403 INFO util_modbus_communication.py:135 65472.0s 60.0% Tfv_C=49.6
2024-09-15 17:22:36,193 INFO util_modbus_communication.py:135 65474.8s 60.0% Tfv_C=49.5
2024-09-15 17:22:38,975 INFO util_modbus_communication.py:135 65477.6s 60.0% Tfv_C=49.5
2024-09-15 17:22:41,755 INFO util_modbus_communication.py:135 65480.4s 60.0% Tfv_C=49.5
2024-09-15 17:22:44,531 INFO util_modbus_communication.py:135 65483.2s 60.0% Tfv_C=49.4
2024-09-15 17:22:47,360 INFO util_modbus_communication.py:135 65486.0s 60.0% Tfv_C=49.4
2024-09-15 17:22:50,202 INFO util_modbus_communication.py:135 65488.8s 60.0% Tfv_C=49.4
2024-09-15 17:22:52,994 INFO util_modbus_communication.py:135 65491.6s 60.0% Tfv_C=49.4
2024-09-15 17:22:55,783 INFO util_modbus_communication.py:135 65494.4s 60.0% Tfv_C=49.4
2024-09-15 17:22:58,557 INFO util_modbus_communication.py:135 65497.2s 60.0% Tfv_C=49.4
2024-09-15 17:23:01,384 INFO util_modbus_communication.py:135 65500.0s 40.0% Tfv_C=49.4
2024-09-15 17:23:04,262 INFO util_modbus_communication.py:135 65502.9s 40.0% Tfv_C=49.4
2024-09-15 17:23:07,152 INFO util_modbus_communication.py:135 65505.8s 40.0% Tfv_C=49.3
2024-09-15 17:23:10,037 INFO util_modbus_communication.py:135 65508.7s 40.0% Tfv_C=49.3
2024-09-15 17:23:12,922 INFO util_modbus_communication.py:135 65511.6s 40.0% Tfv_C=49.3
2024-09-15 17:23:15,700 INFO util_modbus_communication.py:135 65514.3s 40.0% Tfv_C=49.3
2024-09-15 17:23:18,493 INFO util_modbus_communication.py:135 65517.1s 40.0% Tfv_C=49.3
2024-09-15 17:23:21,363 INFO util_modbus_communication.py:135 65520.0s 40.0% Tfv_C=49.3
2024-09-15 17:23:24,241 INFO util_modbus_communication.py:135 65522.9s 40.0% Tfv_C=49.1
2024-09-15 17:23:27,141 INFO util_modbus_communication.py:135 65525.8s 40.0% Tfv_C=48.9
2024-09-15 17:23:30,015 INFO util_modbus_communication.py:135 65528.7s 40.0% Tfv_C=48.6
2024-09-15 17:23:32,806 INFO util_modbus_communication.py:135 65531.5s 40.0% Tfv_C=48.4
2024-09-15 17:23:35,604 INFO util_modbus_communication.py:135 65534.3s 40.0% Tfv_C=48.1
2024-09-15 17:23:38,486 INFO util_modbus_communication.py:135 65537.1s 40.0% Tfv_C=47.8
2024-09-15 17:23:41,340 INFO util_modbus_communication.py:135 65540.0s 40.0% Tfv_C=47.5
2024-09-15 17:23:44,112 INFO util_modbus_communication.py:135 65542.8s 40.0% Tfv_C=47.4
2024-09-15 17:23:46,959 INFO util_modbus_communication.py:135 65545.6s 40.0% Tfv_C=47.1
2024-09-15 17:23:49,838 INFO util_modbus_communication.py:135 65548.5s 40.0% Tfv_C=46.9
2024-09-15 17:23:52,723 INFO util_modbus_communication.py:135 65551.4s 40.0% Tfv_C=46.8
2024-09-15 17:23:55,542 INFO util_modbus_communication.py:135 65554.2s 40.0% Tfv_C=46.6
2024-09-15 17:23:58,300 INFO util_modbus_communication.py:135 65556.9s 40.0% Tfv_C=46.4
2024-09-15 17:24:01,116 INFO util_modbus_communication.py:135 65559.8s 40.0% Tfv_C=46.3
2024-09-15 17:24:03,879 INFO util_modbus_communication.py:135 65562.5s 40.0% Tfv_C=46.2
2024-09-15 17:24:06,707 INFO util_modbus_communication.py:135 65565.4s 40.0% Tfv_C=46.1
2024-09-15 17:24:09,573 INFO util_modbus_communication.py:135 65568.2s 40.0% Tfv_C=45.9
2024-09-15 17:24:12,360 INFO util_modbus_communication.py:135 65571.0s 40.0% Tfv_C=45.9
2024-09-15 17:24:15,119 INFO util_modbus_communication.py:135 65573.8s 40.0% Tfv_C=45.8
2024-09-15 17:24:17,981 INFO util_modbus_communication.py:135 65576.6s 40.0% Tfv_C=45.8
2024-09-15 17:24:20,864 INFO util_modbus_communication.py:135 65579.5s 40.0% Tfv_C=45.7
2024-09-15 17:24:23,758 INFO util_modbus_communication.py:135 65582.4s 40.0% Tfv_C=45.6
2024-09-15 17:24:26,656 INFO util_modbus_communication.py:135 65585.3s 40.0% Tfv_C=45.5
2024-09-15 17:24:29,536 INFO util_modbus_communication.py:135 65588.2s 40.0% Tfv_C=45.4
2024-09-15 17:24:32,405 INFO util_modbus_communication.py:135 65591.1s 40.0% Tfv_C=45.4
2024-09-15 17:24:35,292 INFO util_modbus_communication.py:135 65593.9s 40.0% Tfv_C=45.3
2024-09-15 17:24:38,070 INFO util_modbus_communication.py:135 65596.7s 40.0% Tfv_C=45.2
2024-09-15 17:24:40,863 INFO util_modbus_communication.py:135 65599.5s 40.0% Tfv_C=45.2
2024-09-15 17:24:43,789 INFO util_modbus_communication.py:135 65602.4s 40.0% Tfv_C=45.1
2024-09-15 17:24:46,598 INFO util_modbus_communication.py:135 65605.2s 40.0% Tfv_C=45.1
2024-09-15 17:24:49,366 INFO util_modbus_communication.py:135 65608.0s 40.0% Tfv_C=45.1
2024-09-15 17:24:52,235 INFO util_modbus_communication.py:135 65610.9s 40.0% Tfv_C=45.0
2024-09-15 17:24:55,134 INFO util_modbus_communication.py:135 65613.8s 40.0% Tfv_C=44.9
2024-09-15 17:24:57,898 INFO util_modbus_communication.py:135 65616.5s 40.0% Tfv_C=44.9
2024-09-15 17:25:00,678 INFO util_modbus_communication.py:135 65619.3s 40.0% Tfv_C=44.9
2024-09-15 17:25:03,554 INFO util_modbus_communication.py:135 65622.2s 40.0% Tfv_C=44.9
2024-09-15 17:25:06,433 INFO util_modbus_communication.py:135 65625.1s 40.0% Tfv_C=44.8
2024-09-15 17:25:09,308 INFO util_modbus_communication.py:135 65628.0s 40.0% Tfv_C=44.8
2024-09-15 17:25:12,109 INFO util_modbus_communication.py:135 65630.8s 40.0% Tfv_C=44.7
2024-09-15 17:25:14,875 INFO util_modbus_communication.py:135 65633.5s 40.0% Tfv_C=44.7
2024-09-15 17:25:17,759 INFO util_modbus_communication.py:135 65636.4s 40.0% Tfv_C=44.6
2024-09-15 17:25:20,644 INFO util_modbus_communication.py:135 65639.3s 40.0% Tfv_C=44.6
2024-09-15 17:25:23,439 INFO util_modbus_communication.py:135 65642.1s 40.0% Tfv_C=44.6
2024-09-15 17:25:26,260 INFO util_modbus_communication.py:135 65644.9s 40.0% Tfv_C=44.6
2024-09-15 17:25:29,154 INFO util_modbus_communication.py:135 65647.8s 40.0% Tfv_C=44.5
2024-09-15 17:25:32,022 INFO util_modbus_communication.py:135 65650.7s 40.0% Tfv_C=44.4
2024-09-15 17:25:34,904 INFO util_modbus_communication.py:135 65653.6s 40.0% Tfv_C=44.4
2024-09-15 17:25:37,792 INFO util_modbus_communication.py:135 65656.4s 40.0% Tfv_C=44.4
2024-09-15 17:25:40,660 INFO util_modbus_communication.py:135 65659.3s 40.0% Tfv_C=44.4
2024-09-15 17:25:43,536 INFO util_modbus_communication.py:135 65662.2s 40.0% Tfv_C=44.3
2024-09-15 17:25:46,473 INFO util_modbus_communication.py:135 65665.1s 40.0% Tfv_C=44.3
2024-09-15 17:25:49,355 INFO util_modbus_communication.py:135 65668.0s 40.0% Tfv_C=44.2
2024-09-15 17:25:52,154 INFO util_modbus_communication.py:135 65670.8s 40.0% Tfv_C=44.2
2024-09-15 17:25:54,923 INFO util_modbus_communication.py:135 65673.6s 40.0% Tfv_C=44.1
2024-09-15 17:25:57,697 INFO util_modbus_communication.py:135 65676.3s 40.0% Tfv_C=44.1
2024-09-15 17:26:00,473 INFO util_modbus_communication.py:135 65679.1s 40.0% Tfv_C=44.1
2024-09-15 17:26:03,241 INFO util_modbus_communication.py:135 65681.9s 40.0% Tfv_C=44.1
2024-09-15 17:26:06,016 INFO util_modbus_communication.py:135 65684.7s 60.0% Tfv_C=44.0
2024-09-15 17:26:08,892 INFO util_modbus_communication.py:135 65687.5s 60.0% Tfv_C=43.9
2024-09-15 17:26:11,710 INFO util_modbus_communication.py:135 65690.4s 60.0% Tfv_C=43.9
2024-09-15 17:26:14,461 INFO util_modbus_communication.py:135 65693.1s 60.0% Tfv_C=43.9
2024-09-15 17:26:17,336 INFO util_modbus_communication.py:135 65696.0s 60.0% Tfv_C=43.9
2024-09-15 17:26:20,218 INFO util_modbus_communication.py:135 65698.9s 60.0% Tfv_C=43.8
2024-09-15 17:26:23,087 INFO util_modbus_communication.py:135 65701.7s 60.0% Tfv_C=43.8
2024-09-15 17:26:26,002 INFO util_modbus_communication.py:135 65704.6s 60.0% Tfv_C=43.8
2024-09-15 17:26:28,871 INFO util_modbus_communication.py:135 65707.5s 60.0% Tfv_C=43.7
2024-09-15 17:26:31,742 INFO util_modbus_communication.py:135 65710.4s 60.0% Tfv_C=43.7
2024-09-15 17:26:34,647 INFO util_modbus_communication.py:135 65713.3s 60.0% Tfv_C=43.7
2024-09-15 17:26:37,541 INFO util_modbus_communication.py:135 65716.2s 60.0% Tfv_C=43.8
2024-09-15 17:26:40,423 INFO util_modbus_communication.py:135 65719.1s 60.0% Tfv_C=44.0
2024-09-15 17:26:43,314 INFO util_modbus_communication.py:135 65722.0s 60.0% Tfv_C=44.1
2024-09-15 17:26:46,141 INFO util_modbus_communication.py:135 65724.8s 60.0% Tfv_C=44.2
2024-09-15 17:26:48,951 INFO util_modbus_communication.py:135 65727.6s 60.0% Tfv_C=44.3
2024-09-15 17:26:51,778 INFO util_modbus_communication.py:135 65730.4s 60.0% Tfv_C=44.4
2024-09-15 17:26:54,646 INFO util_modbus_communication.py:135 65733.3s 60.0% Tfv_C=44.5
2024-09-15 17:26:57,530 INFO util_modbus_communication.py:135 65736.2s 60.0% Tfv_C=44.6
2024-09-15 17:27:00,406 INFO util_modbus_communication.py:135 65739.1s 60.0% Tfv_C=44.7
2024-09-15 17:27:03,282 INFO util_modbus_communication.py:135 65741.9s 60.0% Tfv_C=44.7
2024-09-15 17:27:06,153 INFO util_modbus_communication.py:135 65744.8s 60.0% Tfv_C=44.8
2024-09-15 17:27:09,042 INFO util_modbus_communication.py:135 65747.7s 60.0% Tfv_C=44.8
2024-09-15 17:27:11,844 INFO util_modbus_communication.py:135 65750.5s 60.0% Tfv_C=44.8
2024-09-15 17:27:14,601 INFO util_modbus_communication.py:135 65753.2s 60.0% Tfv_C=44.9
2024-09-15 17:27:17,472 INFO util_modbus_communication.py:135 65756.1s 60.0% Tfv_C=44.9
2024-09-15 17:27:20,349 INFO util_modbus_communication.py:135 65759.0s 60.0% Tfv_C=44.9
2024-09-15 17:27:23,108 INFO util_modbus_communication.py:135 65761.8s 60.0% Tfv_C=44.9
2024-09-15 17:27:25,910 INFO util_modbus_communication.py:135 65764.6s 60.0% Tfv_C=44.9
2024-09-15 17:27:28,789 INFO util_modbus_communication.py:135 65767.4s 60.0% Tfv_C=45.0
2024-09-15 17:27:31,663 INFO util_modbus_communication.py:135 65770.3s 60.0% Tfv_C=45.0
2024-09-15 17:27:34,540 INFO util_modbus_communication.py:135 65773.2s 60.0% Tfv_C=45.0
2024-09-15 17:27:37,437 INFO util_modbus_communication.py:135 65776.1s 60.0% Tfv_C=45.0
2024-09-15 17:27:40,329 INFO util_modbus_communication.py:135 65779.0s 60.0% Tfv_C=45.0
2024-09-15 17:27:43,203 INFO util_modbus_communication.py:135 65781.8s 60.0% Tfv_C=45.0
2024-09-15 17:27:46,053 INFO util_modbus_communication.py:135 65784.7s 60.0% Tfv_C=45.0
2024-09-15 17:27:48,858 INFO util_modbus_communication.py:135 65787.5s 60.0% Tfv_C=45.0
2024-09-15 17:27:51,730 INFO util_modbus_communication.py:135 65790.4s 60.0% Tfv_C=45.0
2024-09-15 17:27:54,604 INFO util_modbus_communication.py:135 65793.3s 60.0% Tfv_C=45.0
2024-09-15 17:27:57,381 INFO util_modbus_communication.py:135 65796.0s 60.0% Tfv_C=45.0
2024-09-15 17:28:00,159 INFO util_modbus_communication.py:135 65798.8s 60.0% Tfv_C=45.0
2024-09-15 17:28:03,056 INFO util_modbus_communication.py:135 65801.7s 60.0% Tfv_C=45.0
2024-09-15 17:28:05,937 INFO util_modbus_communication.py:135 65804.6s 60.0% Tfv_C=45.0
2024-09-15 17:28:08,802 INFO util_modbus_communication.py:135 65807.4s 60.0% Tfv_C=45.0
2024-09-15 17:28:11,642 INFO util_modbus_communication.py:135 65810.3s 60.0% Tfv_C=45.0
2024-09-15 17:28:14,441 INFO util_modbus_communication.py:135 65813.1s 60.0% Tfv_C=45.0
2024-09-15 17:28:17,345 INFO util_modbus_communication.py:135 65816.0s 60.0% Tfv_C=45.0
2024-09-15 17:28:20,263 INFO util_modbus_communication.py:135 65818.9s 60.0% Tfv_C=44.9
2024-09-15 17:28:23,148 INFO util_modbus_communication.py:135 65821.8s 60.0% Tfv_C=44.9
2024-09-15 17:28:26,002 INFO util_modbus_communication.py:135 65824.6s 60.0% Tfv_C=44.9
2024-09-15 17:28:28,772 INFO util_modbus_communication.py:135 65827.4s 60.0% Tfv_C=44.9
2024-09-15 17:28:31,590 INFO util_modbus_communication.py:135 65830.2s 60.0% Tfv_C=44.9
2024-09-15 17:28:34,482 INFO util_modbus_communication.py:135 65833.1s 60.0% Tfv_C=44.9
2024-09-15 17:28:37,253 INFO util_modbus_communication.py:135 65835.9s 60.0% Tfv_C=44.9
2024-09-15 17:28:40,018 INFO util_modbus_communication.py:135 65838.7s 60.0% Tfv_C=44.9
2024-09-15 17:28:42,903 INFO util_modbus_communication.py:135 65841.5s 60.0% Tfv_C=44.9
2024-09-15 17:28:45,770 INFO util_modbus_communication.py:135 65844.4s 60.0% Tfv_C=44.8
2024-09-15 17:28:48,653 INFO util_modbus_communication.py:135 65847.3s 60.0% Tfv_C=44.8
2024-09-15 17:28:51,514 INFO util_modbus_communication.py:135 65850.2s 60.0% Tfv_C=44.8
2024-09-15 17:28:54,310 INFO util_modbus_communication.py:135 65853.0s 60.0% Tfv_C=44.8
2024-09-15 17:28:57,167 INFO util_modbus_communication.py:135 65855.8s 60.0% Tfv_C=44.8
2024-09-15 17:29:00,031 INFO util_modbus_communication.py:135 65858.7s 60.0% Tfv_C=44.8
2024-09-15 17:29:02,835 INFO util_modbus_communication.py:135 65861.5s 60.0% Tfv_C=44.8
2024-09-15 17:29:05,643 INFO util_modbus_communication.py:135 65864.3s 60.0% Tfv_C=44.8
2024-09-15 17:29:08,440 INFO util_modbus_communication.py:135 65867.1s 60.0% Tfv_C=44.8
2024-09-15 17:29:11,202 INFO util_modbus_communication.py:135 65869.8s 40.0% Tfv_C=44.7
2024-09-15 17:29:13,966 INFO util_modbus_communication.py:135 65872.6s 40.0% Tfv_C=44.7
2024-09-15 17:29:16,731 INFO util_modbus_communication.py:135 65875.4s 40.0% Tfv_C=44.7
2024-09-15 17:29:19,504 INFO util_modbus_communication.py:135 65878.2s 40.0% Tfv_C=44.7
2024-09-15 17:29:22,298 INFO util_modbus_communication.py:135 65880.9s 40.0% Tfv_C=44.6
2024-09-15 17:29:25,064 INFO util_modbus_communication.py:135 65883.7s 40.0% Tfv_C=44.6
2024-09-15 17:29:27,860 INFO util_modbus_communication.py:135 65886.5s 40.0% Tfv_C=44.6
2024-09-15 17:29:30,616 INFO util_modbus_communication.py:135 65889.3s 40.0% Tfv_C=44.6
2024-09-15 17:29:33,408 INFO util_modbus_communication.py:135 65892.1s 40.0% Tfv_C=44.6
2024-09-15 17:29:36,281 INFO util_modbus_communication.py:135 65894.9s 40.0% Tfv_C=44.5
2024-09-15 17:29:39,158 INFO util_modbus_communication.py:135 65897.8s 40.0% Tfv_C=44.4
2024-09-15 17:29:42,052 INFO util_modbus_communication.py:135 65900.7s 40.0% Tfv_C=44.1
2024-09-15 17:29:44,928 INFO util_modbus_communication.py:135 65903.6s 40.0% Tfv_C=43.8
2024-09-15 17:29:47,695 INFO util_modbus_communication.py:135 65906.3s 40.0% Tfv_C=43.7
2024-09-15 17:29:50,472 INFO util_modbus_communication.py:135 65909.1s 40.0% Tfv_C=43.4
2024-09-15 17:29:53,343 INFO util_modbus_communication.py:135 65912.0s 40.0% Tfv_C=43.1
2024-09-15 17:29:56,249 INFO util_modbus_communication.py:135 65914.9s 40.0% Tfv_C=43.0
2024-09-15 17:29:59,118 INFO util_modbus_communication.py:135 65917.8s 40.0% Tfv_C=42.8
2024-09-15 17:30:02,019 INFO util_modbus_communication.py:135 65920.7s 40.0% Tfv_C=42.6
2024-09-15 17:30:04,899 INFO util_modbus_communication.py:135 65923.5s 40.0% Tfv_C=42.4
2024-09-15 17:30:07,786 INFO util_modbus_communication.py:135 65926.4s 40.0% Tfv_C=42.3
2024-09-15 17:30:10,652 INFO util_modbus_communication.py:135 65929.3s 40.0% Tfv_C=42.2
2024-09-15 17:30:13,537 INFO util_modbus_communication.py:135 65932.2s 40.0% Tfv_C=42.1
2024-09-15 17:30:16,416 INFO util_modbus_communication.py:135 65935.1s 40.0% Tfv_C=41.9
2024-09-15 17:30:19,290 INFO util_modbus_communication.py:135 65937.9s 40.0% Tfv_C=41.9
2024-09-15 17:30:22,077 INFO util_modbus_communication.py:135 65940.7s 40.0% Tfv_C=41.8
2024-09-15 17:30:24,881 INFO util_modbus_communication.py:135 65943.5s 40.0% Tfv_C=41.6
2024-09-15 17:30:27,762 INFO util_modbus_communication.py:135 65946.4s 40.0% Tfv_C=41.6
2024-09-15 17:30:30,617 INFO util_modbus_communication.py:135 65949.3s 40.0% Tfv_C=41.5
2024-09-15 17:30:33,388 INFO util_modbus_communication.py:135 65952.0s 40.0% Tfv_C=41.4
2024-09-15 17:30:36,216 INFO util_modbus_communication.py:135 65954.9s 40.0% Tfv_C=41.4
2024-09-15 17:30:39,099 INFO util_modbus_communication.py:135 65957.7s 40.0% Tfv_C=41.3
2024-09-15 17:30:41,980 INFO util_modbus_communication.py:135 65960.6s 40.0% Tfv_C=41.2
2024-09-15 17:30:44,859 INFO util_modbus_communication.py:135 65963.5s 40.0% Tfv_C=41.2
2024-09-15 17:30:47,634 INFO util_modbus_communication.py:135 65966.3s 40.0% Tfv_C=41.1
2024-09-15 17:30:50,455 INFO util_modbus_communication.py:135 65969.1s 40.0% Tfv_C=41.1
2024-09-15 17:30:53,339 INFO util_modbus_communication.py:135 65972.0s 40.0% Tfv_C=41.1
2024-09-15 17:30:56,209 INFO util_modbus_communication.py:135 65974.9s 40.0% Tfv_C=41.0
2024-09-15 17:30:59,119 INFO util_modbus_communication.py:135 65977.8s 40.0% Tfv_C=40.9
2024-09-15 17:31:02,007 INFO util_modbus_communication.py:135 65980.7s 40.0% Tfv_C=40.9
2024-09-15 17:31:03,304 INFO util_scenarios.py:99 Scenario: Add ScenarioOverwriteMischventil(duration_s=180.0, stellwert_100=60.0)
2024-09-15 17:31:04,922 INFO util_modbus_communication.py:135 65983.6s 40.0% Tfv_C=40.9
2024-09-15 17:31:07,814 INFO util_modbus_communication.py:135 65986.5s 40.0% Tfv_C=40.9
2024-09-15 17:31:07,819 INFO util_scenarios.py:99 Scenario: Add ScenarioOverwriteMischventil(duration_s=180.0, stellwert_100=40.0)
2024-09-15 17:31:10,699 INFO util_modbus_communication.py:135 65989.3s 40.0% Tfv_C=40.8
2024-09-15 17:31:11,923 INFO util_scenarios.py:99 Scenario: Add ScenarioOverwriteMischventil(duration_s=180.0, stellwert_100=60.0)
2024-09-15 17:31:13,580 INFO util_modbus_communication.py:135 65992.2s 40.0% Tfv_C=40.8
2024-09-15 17:31:16,351 INFO util_scenarios.py:99 Scenario: Add ScenarioOverwriteMischventil(duration_s=180.0, stellwert_100=40.0)
2024-09-15 17:31:16,407 INFO util_modbus_communication.py:135 65995.1s 40.0% Tfv_C=40.8
2024-09-15 17:31:19,170 INFO util_modbus_communication.py:135 65997.8s 40.0% Tfv_C=40.8
2024-09-15 17:31:20,924 INFO util_scenarios.py:99 Scenario: Add ScenarioOverwriteMischventil(duration_s=180.0, stellwert_100=60.0)
2024-09-15 17:31:22,032 INFO util_modbus_communication.py:135 66000.7s 40.0% Tfv_C=40.8
2024-09-15 17:31:24,861 INFO util_scenarios.py:99 Scenario: Add ScenarioOverwriteMischventil(duration_s=180.0, stellwert_100=40.0)
2024-09-15 17:31:24,921 INFO util_modbus_communication.py:135 66003.6s 40.0% Tfv_C=40.7
2024-09-15 17:31:27,704 INFO util_modbus_communication.py:135 66006.4s 40.0% Tfv_C=40.7
2024-09-15 17:31:28,835 INFO util_scenarios.py:99 Scenario: Add ScenarioOverwriteMischventil(duration_s=180.0, stellwert_100=60.0)
2024-09-15 17:31:30,486 INFO util_modbus_communication.py:135 66009.1s 40.0% Tfv_C=40.6
2024-09-15 17:31:33,377 INFO util_modbus_communication.py:135 66012.0s 40.0% Tfv_C=40.6
2024-09-15 17:31:36,211 INFO util_modbus_communication.py:135 66014.9s 40.0% Tfv_C=40.6
2024-09-15 17:31:39,019 INFO util_modbus_communication.py:135 66017.7s 40.0% Tfv_C=40.6
2024-09-15 17:31:41,868 INFO util_modbus_communication.py:135 66020.5s 40.0% Tfv_C=40.5
2024-09-15 17:31:44,640 INFO util_modbus_communication.py:135 66023.3s 40.0% Tfv_C=40.5
2024-09-15 17:31:47,442 INFO util_modbus_communication.py:135 66026.1s 40.0% Tfv_C=40.5
2024-09-15 17:31:50,317 INFO util_modbus_communication.py:135 66029.0s 40.0% Tfv_C=40.4
2024-09-15 17:31:52,727 INFO util_scenarios.py:99 Scenario: Add ScenarioOverwriteMischventil(duration_s=180.0, stellwert_100=40.0)
2024-09-15 17:31:53,189 INFO util_modbus_communication.py:135 66031.8s 40.0% Tfv_C=40.4
2024-09-15 17:31:56,051 INFO util_modbus_communication.py:135 66034.7s 40.0% Tfv_C=40.4
2024-09-15 17:31:56,604 INFO util_scenarios.py:99 Scenario: Add ScenarioOverwriteMischventil(duration_s=180.0, stellwert_100=60.0)
2024-09-15 17:31:58,821 INFO util_modbus_communication.py:135 66037.5s 40.0% Tfv_C=40.4
2024-09-15 17:32:00,578 INFO util_scenarios.py:99 Scenario: Add ScenarioOverwriteMischventil(duration_s=180.0, stellwert_100=40.0)
2024-09-15 17:32:01,729 INFO util_modbus_communication.py:135 66040.4s 40.0% Tfv_C=40.4
2024-09-15 17:32:04,552 INFO util_modbus_communication.py:135 66043.2s 40.0% Tfv_C=40.4
2024-09-15 17:32:07,334 INFO util_modbus_communication.py:135 66046.0s 40.0% Tfv_C=40.4
2024-09-15 17:32:10,114 INFO util_modbus_communication.py:135 66048.8s 40.0% Tfv_C=40.3
2024-09-15 17:32:12,883 INFO util_modbus_communication.py:135 66051.5s 40.0% Tfv_C=40.3
2024-09-15 17:32:14,263 INFO util_scenarios.py:99 Scenario: Add ScenarioOverwriteMischventil(duration_s=180.0, stellwert_100=60.0)
2024-09-15 17:32:15,735 INFO util_modbus_communication.py:135 66054.4s 60.0% Tfv_C=40.3
2024-09-15 17:32:17,943 INFO util_scenarios.py:99 Scenario: Add ScenarioOverwriteMischventil(duration_s=180.0, stellwert_100=40.0)
2024-09-15 17:32:18,609 INFO util_modbus_communication.py:135 66057.3s 60.0% Tfv_C=40.3
2024-09-15 17:32:21,501 INFO util_modbus_communication.py:135 66060.1s 60.0% Tfv_C=40.3
2024-09-15 17:32:21,648 INFO util_scenarios.py:99 Scenario: Add ScenarioOverwriteMischventil(duration_s=180.0, stellwert_100=60.0)
2024-09-15 17:32:24,372 INFO util_modbus_communication.py:135 66063.0s 60.0% Tfv_C=40.2
2024-09-15 17:32:25,976 INFO util_scenarios.py:99 Scenario: Add ScenarioOverwriteMischventil(duration_s=180.0, stellwert_100=40.0)
2024-09-15 17:32:27,279 INFO util_modbus_communication.py:135 66065.9s 60.0% Tfv_C=40.2
2024-09-15 17:32:30,153 INFO util_modbus_communication.py:135 66068.8s 60.0% Tfv_C=40.2
2024-09-15 17:32:33,022 INFO util_modbus_communication.py:135 66071.7s 60.0% Tfv_C=40.2
2024-09-15 17:32:35,871 INFO util_modbus_communication.py:135 66074.5s 60.0% Tfv_C=40.2
2024-09-15 17:32:38,634 INFO util_modbus_communication.py:135 66077.3s 60.0% Tfv_C=40.2
2024-09-15 17:32:41,448 INFO util_modbus_communication.py:135 66080.1s 60.0% Tfv_C=40.3
2024-09-15 17:32:44,319 INFO util_modbus_communication.py:135 66083.0s 60.0% Tfv_C=40.4
2024-09-15 17:32:47,198 INFO util_modbus_communication.py:135 66085.8s 60.0% Tfv_C=40.6
2024-09-15 17:32:50,100 INFO util_modbus_communication.py:135 66088.7s 60.0% Tfv_C=40.9
2024-09-15 17:32:52,866 INFO util_modbus_communication.py:135 66091.5s 60.0% Tfv_C=41.2
2024-09-15 17:32:55,659 INFO util_modbus_communication.py:135 66094.3s 60.0% Tfv_C=41.4
2024-09-15 17:32:58,493 INFO util_modbus_communication.py:135 66097.1s 60.0% Tfv_C=41.6
2024-09-15 17:33:01,265 INFO util_modbus_communication.py:135 66099.9s 60.0% Tfv_C=41.8
2024-09-15 17:33:04,069 INFO util_modbus_communication.py:135 66102.7s 60.0% Tfv_C=41.9
2024-09-15 17:33:06,831 INFO util_modbus_communication.py:135 66105.5s 60.0% Tfv_C=42.1
2024-09-15 17:33:09,702 INFO util_modbus_communication.py:135 66108.3s 60.0% Tfv_C=42.2
2024-09-15 17:33:12,584 INFO util_modbus_communication.py:135 66111.2s 60.0% Tfv_C=42.3
2024-09-15 17:33:15,411 INFO util_modbus_communication.py:135 66114.1s 60.0% Tfv_C=42.4
2024-09-15 17:33:18,196 INFO util_modbus_communication.py:135 66116.8s 60.0% Tfv_C=42.6
2024-09-15 17:33:21,064 INFO util_modbus_communication.py:135 66119.7s 60.0% Tfv_C=42.6
2024-09-15 17:33:23,940 INFO util_modbus_communication.py:135 66122.6s 60.0% Tfv_C=42.8
2024-09-15 17:33:26,737 INFO util_modbus_communication.py:135 66125.4s 60.0% Tfv_C=42.9
2024-09-15 17:33:29,495 INFO util_modbus_communication.py:135 66128.1s 60.0% Tfv_C=42.9
2024-09-15 17:33:32,350 INFO util_modbus_communication.py:135 66131.0s 60.0% Tfv_C=43.0
2024-09-15 17:33:35,237 INFO util_modbus_communication.py:135 66133.9s 60.0% Tfv_C=43.1
2024-09-15 17:33:38,107 INFO util_modbus_communication.py:135 66136.8s 60.0% Tfv_C=43.1
2024-09-15 17:33:40,963 INFO util_modbus_communication.py:135 66139.6s 60.0% Tfv_C=43.2
2024-09-15 17:33:43,732 INFO util_modbus_communication.py:135 66142.4s 60.0% Tfv_C=43.2
2024-09-15 17:33:46,584 INFO util_modbus_communication.py:135 66145.2s 60.0% Tfv_C=43.3
2024-09-15 17:33:49,493 INFO util_modbus_communication.py:135 66148.1s 60.0% Tfv_C=43.3
2024-09-15 17:33:52,369 INFO util_modbus_communication.py:135 66151.0s 60.0% Tfv_C=43.4
2024-09-15 17:33:55,248 INFO util_modbus_communication.py:135 66153.9s 60.0% Tfv_C=43.4
2024-09-15 17:33:58,156 INFO util_modbus_communication.py:135 66156.8s 60.0% Tfv_C=43.5
2024-09-15 17:34:01,042 INFO util_modbus_communication.py:135 66159.7s 60.0% Tfv_C=43.5
2024-09-15 17:34:03,921 INFO util_modbus_communication.py:135 66162.6s 60.0% Tfv_C=43.6
2024-09-15 17:34:06,744 INFO util_modbus_communication.py:135 66165.4s 60.0% Tfv_C=43.6
2024-09-15 17:34:09,521 INFO util_modbus_communication.py:135 66168.2s 60.0% Tfv_C=43.6
2024-09-15 17:34:12,388 INFO util_modbus_communication.py:135 66171.0s 60.0% Tfv_C=43.6
2024-09-15 17:34:15,263 INFO util_modbus_communication.py:135 66173.9s 60.0% Tfv_C=43.7
2024-09-15 17:34:18,137 INFO util_modbus_communication.py:135 66176.8s 60.0% Tfv_C=43.7
2024-09-15 17:34:21,021 INFO util_modbus_communication.py:135 66179.7s 60.0% Tfv_C=43.7
2024-09-15 17:34:23,891 INFO util_modbus_communication.py:135 66182.5s 60.0% Tfv_C=43.8
2024-09-15 17:34:26,755 INFO util_modbus_communication.py:135 66185.4s 60.0% Tfv_C=43.8
2024-09-15 17:34:29,581 INFO util_modbus_communication.py:135 66188.2s 60.0% Tfv_C=43.8
2024-09-15 17:34:32,363 INFO util_modbus_communication.py:135 66191.0s 60.0% Tfv_C=43.8
2024-09-15 17:34:35,203 INFO util_modbus_communication.py:135 66193.8s 60.0% Tfv_C=43.8
2024-09-15 17:34:38,081 INFO util_modbus_communication.py:135 66196.7s 60.0% Tfv_C=43.9
2024-09-15 17:34:40,925 INFO util_modbus_communication.py:135 66199.6s 60.0% Tfv_C=43.9
2024-09-15 17:34:43,694 INFO util_modbus_communication.py:135 66202.3s 60.0% Tfv_C=43.9
2024-09-15 17:34:46,519 INFO util_modbus_communication.py:135 66205.2s 60.0% Tfv_C=43.9
2024-09-15 17:34:49,406 INFO util_modbus_communication.py:135 66208.1s 60.0% Tfv_C=43.9
2024-09-15 17:34:52,292 INFO util_modbus_communication.py:135 66210.9s 60.0% Tfv_C=43.9
2024-09-15 17:34:55,198 INFO util_modbus_communication.py:135 66213.8s 60.0% Tfv_C=43.9
2024-09-15 17:34:58,097 INFO util_modbus_communication.py:135 66216.7s 60.0% Tfv_C=44.0
2024-09-15 17:35:01,001 INFO util_modbus_communication.py:135 66219.6s 60.0% Tfv_C=44.0
2024-09-15 17:35:03,898 INFO util_modbus_communication.py:135 66222.5s 60.0% Tfv_C=44.0
2024-09-15 17:35:06,720 INFO util_modbus_communication.py:135 66225.4s 60.0% Tfv_C=44.0
2024-09-15 17:35:09,500 INFO util_modbus_communication.py:135 66228.1s 60.0% Tfv_C=44.0
2024-09-15 17:35:12,397 INFO util_modbus_communication.py:135 66231.0s 60.0% Tfv_C=44.0
2024-09-15 17:35:15,277 INFO util_modbus_communication.py:135 66233.9s 60.0% Tfv_C=44.0
2024-09-15 17:35:18,040 INFO util_modbus_communication.py:135 66236.7s 60.0% Tfv_C=44.0
2024-09-15 17:35:20,865 INFO util_modbus_communication.py:135 66239.5s 40.0% Tfv_C=44.0
2024-09-15 17:35:23,773 INFO util_modbus_communication.py:135 66242.4s 40.0% Tfv_C=44.0
2024-09-15 17:35:26,652 INFO util_modbus_communication.py:135 66245.3s 40.0% Tfv_C=44.0
2024-09-15 17:35:29,519 INFO util_modbus_communication.py:135 66248.2s 40.0% Tfv_C=44.0
2024-09-15 17:35:32,392 INFO util_modbus_communication.py:135 66251.0s 40.0% Tfv_C=44.1
2024-09-15 17:35:35,293 INFO util_modbus_communication.py:135 66253.9s 40.0% Tfv_C=44.1
2024-09-15 17:35:38,176 INFO util_modbus_communication.py:135 66256.8s 40.0% Tfv_C=44.1
2024-09-15 17:35:41,078 INFO util_modbus_communication.py:135 66259.7s 40.0% Tfv_C=44.1
2024-09-15 17:35:43,955 INFO util_modbus_communication.py:135 66262.6s 40.0% Tfv_C=44.0
2024-09-15 17:35:46,775 INFO util_modbus_communication.py:135 66265.4s 40.0% Tfv_C=43.9
2024-09-15 17:35:49,548 INFO util_modbus_communication.py:135 66268.2s 40.0% Tfv_C=43.8
2024-09-15 17:35:52,439 INFO util_modbus_communication.py:135 66271.1s 40.0% Tfv_C=43.6
2024-09-15 17:35:55,313 INFO util_modbus_communication.py:135 66274.0s 40.0% Tfv_C=43.2
2024-09-15 17:35:58,187 INFO util_modbus_communication.py:135 66276.8s 40.0% Tfv_C=43.1
2024-09-15 17:36:01,040 INFO util_modbus_communication.py:135 66279.7s 40.0% Tfv_C=42.8
2024-09-15 17:36:03,811 INFO util_modbus_communication.py:135 66282.5s 40.0% Tfv_C=42.5
2024-09-15 17:36:06,663 INFO util_modbus_communication.py:135 66285.3s 40.0% Tfv_C=42.2
2024-09-15 17:36:09,546 INFO util_modbus_communication.py:135 66288.2s 40.0% Tfv_C=42.1
2024-09-15 17:36:12,455 INFO util_modbus_communication.py:135 66291.1s 40.0% Tfv_C=41.9
2024-09-15 17:36:15,357 INFO util_modbus_communication.py:135 66294.0s 40.0% Tfv_C=41.8
2024-09-15 17:36:18,238 INFO util_modbus_communication.py:135 66296.9s 40.0% Tfv_C=41.6
2024-09-15 17:36:21,124 INFO util_modbus_communication.py:135 66299.8s 40.0% Tfv_C=41.5
2024-09-15 17:36:24,005 INFO util_modbus_communication.py:135 66302.7s 40.0% Tfv_C=41.4
2024-09-15 17:36:26,869 INFO util_modbus_communication.py:135 66305.5s 40.0% Tfv_C=41.2
2024-09-15 17:36:29,757 INFO util_modbus_communication.py:135 66308.4s 40.0% Tfv_C=41.1
2024-09-15 17:36:32,630 INFO util_modbus_communication.py:135 66311.3s 40.0% Tfv_C=41.1
2024-09-15 17:36:35,530 INFO util_modbus_communication.py:135 66314.2s 40.0% Tfv_C=41.0
2024-09-15 17:36:38,406 INFO util_modbus_communication.py:135 66317.1s 40.0% Tfv_C=40.9
2024-09-15 17:36:41,295 INFO util_modbus_communication.py:135 66319.9s 40.0% Tfv_C=40.8
2024-09-15 17:36:44,170 INFO util_modbus_communication.py:135 66322.8s 40.0% Tfv_C=40.8
2024-09-15 17:36:46,973 INFO util_modbus_communication.py:135 66325.6s 40.0% Tfv_C=40.7
2024-09-15 17:36:49,749 INFO util_modbus_communication.py:135 66328.4s 40.0% Tfv_C=40.6
2024-09-15 17:36:52,614 INFO util_modbus_communication.py:135 66331.3s 40.0% Tfv_C=40.6
2024-09-15 17:36:55,482 INFO util_modbus_communication.py:135 66334.1s 40.0% Tfv_C=40.5
2024-09-15 17:36:58,381 INFO util_modbus_communication.py:135 66337.0s 40.0% Tfv_C=40.4
2024-09-15 17:37:01,262 INFO util_modbus_communication.py:135 66339.9s 40.0% Tfv_C=40.4
2024-09-15 17:37:04,149 INFO util_modbus_communication.py:135 66342.8s 40.0% Tfv_C=40.4
2024-09-15 17:37:07,014 INFO util_modbus_communication.py:135 66345.7s 40.0% Tfv_C=40.3
2024-09-15 17:37:09,901 INFO util_modbus_communication.py:135 66348.5s 40.0% Tfv_C=40.2
2024-09-15 17:37:12,815 INFO util_modbus_communication.py:135 66351.5s 40.0% Tfv_C=40.2
2024-09-15 17:37:15,700 INFO util_modbus_communication.py:135 66354.3s 40.0% Tfv_C=40.2
2024-09-15 17:37:18,575 INFO util_modbus_communication.py:135 66357.2s 40.0% Tfv_C=40.2
2024-09-15 17:37:21,464 INFO util_modbus_communication.py:135 66360.1s 40.0% Tfv_C=40.1
2024-09-15 17:37:24,340 INFO util_modbus_communication.py:135 66363.0s 40.0% Tfv_C=40.1
2024-09-15 17:37:27,237 INFO util_modbus_communication.py:135 66365.9s 40.0% Tfv_C=40.1
2024-09-15 17:37:30,161 INFO util_modbus_communication.py:135 66368.8s 40.0% Tfv_C=40.0
2024-09-15 17:37:33,054 INFO util_modbus_communication.py:135 66371.7s 40.0% Tfv_C=39.9
2024-09-15 17:37:35,810 INFO util_modbus_communication.py:135 66374.5s 40.0% Tfv_C=39.9
2024-09-15 17:37:38,617 INFO util_modbus_communication.py:135 66377.3s 40.0% Tfv_C=39.9
2024-09-15 17:37:41,466 INFO util_modbus_communication.py:135 66380.1s 40.0% Tfv_C=39.9
2024-09-15 17:37:44,228 INFO util_modbus_communication.py:135 66382.9s 40.0% Tfv_C=39.9
2024-09-15 17:37:47,084 INFO util_modbus_communication.py:135 66385.7s 40.0% Tfv_C=39.9
2024-09-15 17:37:49,945 INFO util_modbus_communication.py:135 66388.6s 40.0% Tfv_C=39.8
2024-09-15 17:37:52,707 INFO util_modbus_communication.py:135 66391.4s 40.0% Tfv_C=39.8
2024-09-15 17:37:55,526 INFO util_modbus_communication.py:135 66394.2s 40.0% Tfv_C=39.8
2024-09-15 17:37:58,308 INFO util_modbus_communication.py:135 66397.0s 40.0% Tfv_C=39.8
2024-09-15 17:38:01,084 INFO util_modbus_communication.py:135 66399.7s 40.0% Tfv_C=39.8
2024-09-15 17:38:03,954 INFO util_modbus_communication.py:135 66402.6s 40.0% Tfv_C=39.8
2024-09-15 17:38:06,847 INFO util_modbus_communication.py:135 66405.5s 40.0% Tfv_C=39.7
2024-09-15 17:38:09,720 INFO util_modbus_communication.py:135 66408.4s 40.0% Tfv_C=39.7
2024-09-15 17:38:12,514 INFO util_modbus_communication.py:135 66411.2s 40.0% Tfv_C=39.6
2024-09-15 17:38:15,304 INFO util_modbus_communication.py:135 66414.0s 40.0% Tfv_C=39.6
2024-09-15 17:38:18,189 INFO util_modbus_communication.py:135 66416.8s 40.0% Tfv_C=39.6
2024-09-15 17:38:21,078 INFO util_modbus_communication.py:135 66419.7s 40.0% Tfv_C=39.6
2024-09-15 17:38:23,957 INFO util_modbus_communication.py:135 66422.6s 60.0% Tfv_C=39.6
2024-09-15 17:38:26,827 INFO util_modbus_communication.py:135 66425.5s 60.0% Tfv_C=39.6
2024-09-15 17:38:29,710 INFO util_modbus_communication.py:135 66428.4s 60.0% Tfv_C=39.6
2024-09-15 17:38:32,504 INFO util_modbus_communication.py:135 66431.2s 60.0% Tfv_C=39.6
2024-09-15 17:38:35,275 INFO util_modbus_communication.py:135 66433.9s 60.0% Tfv_C=39.5
2024-09-15 17:38:38,248 INFO util_modbus_communication.py:135 66436.9s 60.0% Tfv_C=39.5
2024-09-15 17:38:41,037 INFO util_modbus_communication.py:135 66439.7s 60.0% Tfv_C=39.5
2024-09-15 17:38:43,906 INFO util_modbus_communication.py:135 66442.6s 60.0% Tfv_C=39.5
2024-09-15 17:38:46,717 INFO util_modbus_communication.py:135 66445.4s 60.0% Tfv_C=39.5
2024-09-15 17:38:49,480 INFO util_modbus_communication.py:135 66448.1s 60.0% Tfv_C=39.6
2024-09-15 17:38:52,345 INFO util_modbus_communication.py:135 66451.0s 60.0% Tfv_C=39.8
2024-09-15 17:38:55,226 INFO util_modbus_communication.py:135 66453.9s 60.0% Tfv_C=40.1
2024-09-15 17:38:58,097 INFO util_modbus_communication.py:135 66456.7s 60.0% Tfv_C=40.2
2024-09-15 17:39:00,935 INFO util_modbus_communication.py:135 66459.6s 60.0% Tfv_C=40.6
2024-09-15 17:39:03,700 INFO util_modbus_communication.py:135 66462.3s 60.0% Tfv_C=40.9
2024-09-15 17:39:06,526 INFO util_modbus_communication.py:135 66465.2s 60.0% Tfv_C=41.1
2024-09-15 17:39:09,392 INFO util_modbus_communication.py:135 66468.0s 60.0% Tfv_C=41.3
2024-09-15 17:39:12,167 INFO util_modbus_communication.py:135 66470.8s 60.0% Tfv_C=41.5
2024-09-15 17:39:14,942 INFO util_modbus_communication.py:135 66473.6s 60.0% Tfv_C=41.8
2024-09-15 17:39:17,835 INFO util_modbus_communication.py:135 66476.5s 60.0% Tfv_C=41.9
2024-09-15 17:39:20,686 INFO util_modbus_communication.py:135 66479.3s 60.0% Tfv_C=42.1
2024-09-15 17:39:23,460 INFO util_modbus_communication.py:135 66482.1s 60.0% Tfv_C=42.2
2024-09-15 17:39:26,273 INFO util_modbus_communication.py:135 66484.9s 60.0% Tfv_C=42.4
2024-09-15 17:39:29,047 INFO util_modbus_communication.py:135 66487.7s 60.0% Tfv_C=42.4
2024-09-15 17:39:31,845 INFO util_modbus_communication.py:135 66490.5s 60.0% Tfv_C=42.6
2024-09-15 17:39:34,713 INFO util_modbus_communication.py:135 66493.4s 60.0% Tfv_C=42.7
2024-09-15 17:39:37,481 INFO util_modbus_communication.py:135 66496.1s 60.0% Tfv_C=42.8
2024-09-15 17:39:40,240 INFO util_modbus_communication.py:135 66498.9s 60.0% Tfv_C=42.8
2024-09-15 17:39:43,123 INFO util_modbus_communication.py:135 66501.8s 60.0% Tfv_C=42.9
2024-09-15 17:39:46,009 INFO util_modbus_communication.py:135 66504.7s 60.0% Tfv_C=43.0
2024-09-15 17:39:48,896 INFO util_modbus_communication.py:135 66507.5s 60.0% Tfv_C=43.1
2024-09-15 17:39:51,710 INFO util_modbus_communication.py:135 66510.4s 60.0% Tfv_C=43.1
2024-09-15 17:39:54,490 INFO util_modbus_communication.py:135 66513.1s 60.0% Tfv_C=43.2
2024-09-15 17:39:57,371 INFO util_modbus_communication.py:135 66516.0s 60.0% Tfv_C=43.2
2024-09-15 17:40:00,249 INFO util_modbus_communication.py:135 66518.9s 60.0% Tfv_C=43.3
2024-09-15 17:40:03,127 INFO util_modbus_communication.py:135 66521.8s 60.0% Tfv_C=43.4
2024-09-15 17:40:06,019 INFO util_modbus_communication.py:135 66524.7s 60.0% Tfv_C=43.4
2024-09-15 17:40:08,903 INFO util_modbus_communication.py:135 66527.5s 60.0% Tfv_C=43.5
2024-09-15 17:40:11,721 INFO util_modbus_communication.py:135 66530.4s 60.0% Tfv_C=43.5
2024-09-15 17:40:14,505 INFO util_modbus_communication.py:135 66533.2s 60.0% Tfv_C=43.6
2024-09-15 17:40:17,362 INFO util_modbus_communication.py:135 66536.0s 60.0% Tfv_C=43.6
2024-09-15 17:40:20,250 INFO util_modbus_communication.py:135 66538.9s 60.0% Tfv_C=43.6
2024-09-15 17:40:23,033 INFO util_modbus_communication.py:135 66541.7s 60.0% Tfv_C=43.6
2024-09-15 17:40:25,822 INFO util_modbus_communication.py:135 66544.5s 60.0% Tfv_C=43.7
2024-09-15 17:40:28,694 INFO util_modbus_communication.py:135 66547.3s 60.0% Tfv_C=43.8
2024-09-15 17:40:31,574 INFO util_modbus_communication.py:135 66550.2s 60.0% Tfv_C=43.8
2024-09-15 17:40:34,461 INFO util_modbus_communication.py:135 66553.1s 60.0% Tfv_C=43.8
2024-09-15 17:40:37,338 INFO util_modbus_communication.py:135 66556.0s 60.0% Tfv_C=43.8
2024-09-15 17:40:40,216 INFO util_modbus_communication.py:135 66558.9s 60.0% Tfv_C=43.8
2024-09-15 17:40:43,104 INFO util_modbus_communication.py:135 66561.8s 60.0% Tfv_C=43.9
2024-09-15 17:40:45,954 INFO util_modbus_communication.py:135 66564.6s 60.0% Tfv_C=43.9
2024-09-15 17:40:48,732 INFO util_modbus_communication.py:135 66567.4s 60.0% Tfv_C=43.9
2024-09-15 17:40:51,567 INFO util_modbus_communication.py:135 66570.2s 60.0% Tfv_C=44.0
2024-09-15 17:40:54,450 INFO util_modbus_communication.py:135 66573.1s 60.0% Tfv_C=44.0
2024-09-15 17:40:57,241 INFO util_modbus_communication.py:135 66575.9s 60.0% Tfv_C=44.0
2024-09-15 17:41:00,009 INFO util_modbus_communication.py:135 66578.7s 60.0% Tfv_C=44.0
2024-09-15 17:41:02,871 INFO util_modbus_communication.py:135 66581.5s 60.0% Tfv_C=44.1
2024-09-15 17:41:05,757 INFO util_modbus_communication.py:135 66584.4s 60.0% Tfv_C=44.1
2024-09-15 17:41:08,634 INFO util_modbus_communication.py:135 66587.3s 60.0% Tfv_C=44.1
2024-09-15 17:41:11,507 INFO util_modbus_communication.py:135 66590.2s 60.0% Tfv_C=44.1
2024-09-15 17:41:14,376 INFO util_modbus_communication.py:135 66593.0s 60.0% Tfv_C=44.1
2024-09-15 17:41:17,256 INFO util_modbus_communication.py:135 66595.9s 60.0% Tfv_C=44.1
2024-09-15 17:41:20,155 INFO util_modbus_communication.py:135 66598.8s 60.0% Tfv_C=44.2
2024-09-15 17:41:22,935 INFO util_modbus_communication.py:135 66601.6s 60.0% Tfv_C=44.2
2024-09-15 17:41:25,732 INFO util_modbus_communication.py:135 66604.4s 60.0% Tfv_C=44.2
2024-09-15 17:41:28,604 INFO util_modbus_communication.py:135 66607.3s 40.0% Tfv_C=44.2
2024-09-15 17:41:31,416 INFO util_modbus_communication.py:135 66610.1s 40.0% Tfv_C=44.2
2024-09-15 17:41:34,189 INFO util_modbus_communication.py:135 66612.8s 40.0% Tfv_C=44.2
2024-09-15 17:41:37,035 INFO util_modbus_communication.py:135 66615.7s 40.0% Tfv_C=44.2
2024-09-15 17:41:39,906 INFO util_modbus_communication.py:135 66618.6s 40.0% Tfv_C=44.2
2024-09-15 17:41:42,694 INFO util_modbus_communication.py:135 66621.3s 40.0% Tfv_C=44.2
2024-09-15 17:41:45,497 INFO util_modbus_communication.py:135 66624.1s 40.0% Tfv_C=44.2
2024-09-15 17:41:48,388 INFO util_modbus_communication.py:135 66627.0s 40.0% Tfv_C=44.2
2024-09-15 17:41:51,253 INFO util_modbus_communication.py:135 66629.9s 40.0% Tfv_C=44.2
2024-09-15 17:41:54,132 INFO util_modbus_communication.py:135 66632.8s 40.0% Tfv_C=44.2
2024-09-15 17:41:57,004 INFO util_modbus_communication.py:135 66635.7s 40.0% Tfv_C=44.0
2024-09-15 17:41:59,910 INFO util_modbus_communication.py:135 66638.6s 40.0% Tfv_C=43.8
2024-09-15 17:42:02,689 INFO util_modbus_communication.py:135 66641.3s 40.0% Tfv_C=43.4
2024-09-15 17:42:05,489 INFO util_modbus_communication.py:135 66644.1s 40.0% Tfv_C=43.1
2024-09-15 17:42:08,371 INFO util_modbus_communication.py:135 66647.0s 40.0% Tfv_C=42.9
2024-09-15 17:42:11,239 INFO util_modbus_communication.py:135 66649.9s 40.0% Tfv_C=42.6
2024-09-15 17:42:14,123 INFO util_modbus_communication.py:135 66652.8s 40.0% Tfv_C=42.3
2024-09-15 17:42:17,003 INFO util_modbus_communication.py:135 66655.6s 40.0% Tfv_C=42.1
2024-09-15 17:42:19,876 INFO util_modbus_communication.py:135 66658.5s 40.0% Tfv_C=41.9
2024-09-15 17:42:22,775 INFO util_modbus_communication.py:135 66661.4s 40.0% Tfv_C=41.8
2024-09-15 17:42:25,656 INFO util_modbus_communication.py:135 66664.3s 40.0% Tfv_C=41.6
2024-09-15 17:42:28,426 INFO util_modbus_communication.py:135 66667.1s 40.0% Tfv_C=41.4
2024-09-15 17:42:31,249 INFO util_modbus_communication.py:135 66669.9s 40.0% Tfv_C=41.3
2024-09-15 17:42:34,128 INFO util_modbus_communication.py:135 66672.8s 40.0% Tfv_C=41.2
2024-09-15 17:42:37,024 INFO util_modbus_communication.py:135 66675.7s 40.0% Tfv_C=41.1
2024-09-15 17:42:39,896 INFO util_modbus_communication.py:135 66678.5s 40.0% Tfv_C=41.0
2024-09-15 17:42:42,779 INFO util_modbus_communication.py:135 66681.4s 40.0% Tfv_C=40.9
2024-09-15 17:42:45,672 INFO util_modbus_communication.py:135 66684.3s 40.0% Tfv_C=40.9
2024-09-15 17:42:48,543 INFO util_modbus_communication.py:135 66687.2s 40.0% Tfv_C=40.8
2024-09-15 17:42:51,381 INFO util_modbus_communication.py:135 66690.0s 40.0% Tfv_C=40.7
2024-09-15 17:42:54,144 INFO util_modbus_communication.py:135 66692.8s 40.0% Tfv_C=40.7
2024-09-15 17:42:56,987 INFO util_modbus_communication.py:135 66695.6s 40.0% Tfv_C=40.6
2024-09-15 17:42:59,862 INFO util_modbus_communication.py:135 66698.5s 40.0% Tfv_C=40.6
2024-09-15 17:43:02,634 INFO util_modbus_communication.py:135 66701.3s 40.0% Tfv_C=40.6
2024-09-15 17:43:05,399 INFO util_modbus_communication.py:135 66704.0s 40.0% Tfv_C=40.5
2024-09-15 17:43:08,305 INFO util_modbus_communication.py:135 66707.0s 40.0% Tfv_C=40.4
2024-09-15 17:43:11,137 INFO util_modbus_communication.py:135 66709.8s 40.0% Tfv_C=40.4
2024-09-15 17:43:13,914 INFO util_modbus_communication.py:135 66712.6s 40.0% Tfv_C=40.4
2024-09-15 17:43:16,789 INFO util_modbus_communication.py:135 66715.4s 40.0% Tfv_C=40.4
2024-09-15 17:43:19,671 INFO util_modbus_communication.py:135 66718.3s 40.0% Tfv_C=40.4
2024-09-15 17:43:22,559 INFO util_modbus_communication.py:135 66721.2s 40.0% Tfv_C=40.3
2024-09-15 17:43:25,453 INFO util_modbus_communication.py:135 66724.1s 40.0% Tfv_C=40.3
2024-09-15 17:43:28,221 INFO util_modbus_communication.py:135 66726.9s 40.0% Tfv_C=40.3
2024-09-15 17:43:31,053 INFO util_modbus_communication.py:135 66729.7s 40.0% Tfv_C=40.2
2024-09-15 17:43:33,926 INFO util_modbus_communication.py:135 66732.6s 40.0% Tfv_C=40.2
2024-09-15 17:43:36,731 INFO util_modbus_communication.py:135 66735.4s 40.0% Tfv_C=40.2
2024-09-15 17:43:39,523 INFO util_modbus_communication.py:135 66738.2s 40.0% Tfv_C=40.2
2024-09-15 17:43:42,387 INFO util_modbus_communication.py:135 66741.0s 40.0% Tfv_C=40.2
2024-09-15 17:43:45,261 INFO util_modbus_communication.py:135 66743.9s 40.0% Tfv_C=40.2
2024-09-15 17:43:48,124 INFO util_modbus_communication.py:135 66746.8s 40.0% Tfv_C=40.2
2024-09-15 17:43:51,007 INFO util_modbus_communication.py:135 66749.7s 40.0% Tfv_C=40.2
2024-09-15 17:43:53,898 INFO util_modbus_communication.py:135 66752.5s 40.0% Tfv_C=40.2
2024-09-15 17:43:56,774 INFO util_modbus_communication.py:135 66755.4s 40.0% Tfv_C=40.2
2024-09-15 17:43:59,647 INFO util_modbus_communication.py:135 66758.3s 40.0% Tfv_C=40.2
2024-09-15 17:44:02,416 INFO util_modbus_communication.py:135 66761.1s 40.0% Tfv_C=40.2
2024-09-15 17:44:05,175 INFO util_modbus_communication.py:135 66763.8s 40.0% Tfv_C=40.2
2024-09-15 17:44:08,062 INFO util_modbus_communication.py:135 66766.7s 40.0% Tfv_C=40.2
2024-09-15 17:44:10,942 INFO util_modbus_communication.py:135 66769.6s 40.0% Tfv_C=40.2
2024-09-15 17:44:13,712 INFO util_modbus_communication.py:135 66772.4s 40.0% Tfv_C=40.2
2024-09-15 17:44:16,542 INFO util_modbus_communication.py:135 66775.2s 40.0% Tfv_C=40.2
2024-09-15 17:44:19,411 INFO util_modbus_communication.py:135 66778.1s 40.0% Tfv_C=40.2
2024-09-15 17:44:22,289 INFO util_modbus_communication.py:135 66780.9s 40.0% Tfv_C=40.2
2024-09-15 17:44:25,156 INFO util_modbus_communication.py:135 66783.8s 40.0% Tfv_C=40.2
2024-09-15 17:44:28,047 INFO util_modbus_communication.py:135 66786.7s 40.0% Tfv_C=40.2
2024-09-15 17:44:30,967 INFO util_modbus_communication.py:135 66789.6s 40.0% Tfv_C=40.3
2024-09-15 17:44:33,844 INFO util_modbus_communication.py:135 66792.5s 60.0% Tfv_C=40.3
2024-09-15 17:44:36,656 INFO util_modbus_communication.py:135 66795.3s 60.0% Tfv_C=40.3
2024-09-15 17:44:39,446 INFO util_modbus_communication.py:135 66798.1s 60.0% Tfv_C=40.3
2024-09-15 17:44:42,296 INFO util_modbus_communication.py:135 66800.9s 60.0% Tfv_C=40.3
2024-09-15 17:44:45,168 INFO util_modbus_communication.py:135 66803.8s 60.0% Tfv_C=40.3
2024-09-15 17:44:47,951 INFO util_modbus_communication.py:135 66806.6s 60.0% Tfv_C=40.3
2024-09-15 17:44:50,728 INFO util_modbus_communication.py:135 66809.4s 60.0% Tfv_C=40.3
2024-09-15 17:44:53,607 INFO util_modbus_communication.py:135 66812.3s 60.0% Tfv_C=40.4
2024-09-15 17:44:56,551 INFO util_modbus_communication.py:135 66815.2s 60.0% Tfv_C=40.4
2024-09-15 17:45:00,184 INFO util_modbus_communication.py:135 66818.8s 60.0% Tfv_C=40.6
2024-09-15 17:45:03,470 INFO util_modbus_communication.py:135 66822.1s 60.0% Tfv_C=40.8
2024-09-15 17:45:06,514 INFO util_modbus_communication.py:135 66825.2s 60.0% Tfv_C=41.1
2024-09-15 17:45:10,548 INFO util_modbus_communication.py:135 66829.2s 60.0% Tfv_C=41.5
2024-09-15 17:45:13,398 INFO util_modbus_communication.py:135 66832.0s 60.0% Tfv_C=42.0
2024-09-15 17:45:16,166 INFO util_modbus_communication.py:135 66834.8s 60.0% Tfv_C=42.2
2024-09-15 17:45:19,052 INFO util_modbus_communication.py:135 66837.7s 60.0% Tfv_C=42.5
2024-09-15 17:45:21,878 INFO util_modbus_communication.py:135 66840.5s 60.0% Tfv_C=42.8
2024-09-15 17:45:24,645 INFO util_modbus_communication.py:135 66843.3s 60.0% Tfv_C=42.9
2024-09-15 17:45:27,511 INFO util_modbus_communication.py:135 66846.2s 60.0% Tfv_C=43.1
2024-09-15 17:45:30,412 INFO util_modbus_communication.py:135 66849.1s 60.0% Tfv_C=43.4
2024-09-15 17:45:33,318 INFO util_modbus_communication.py:135 66852.0s 60.0% Tfv_C=43.6
2024-09-15 17:45:36,160 INFO util_modbus_communication.py:135 66854.8s 60.0% Tfv_C=43.6
2024-09-15 17:45:38,940 INFO util_modbus_communication.py:135 66857.6s 60.0% Tfv_C=43.8
2024-09-15 17:45:41,781 INFO util_modbus_communication.py:135 66860.4s 60.0% Tfv_C=43.9
2024-09-15 17:45:44,660 INFO util_modbus_communication.py:135 66863.3s 60.0% Tfv_C=44.1
2024-09-15 17:45:47,454 INFO util_modbus_communication.py:135 66866.1s 60.0% Tfv_C=44.2
2024-09-15 17:45:50,203 INFO util_modbus_communication.py:135 66868.8s 60.0% Tfv_C=44.3
2024-09-15 17:45:53,077 INFO util_modbus_communication.py:135 66871.7s 60.0% Tfv_C=44.4
2024-09-15 17:45:55,927 INFO util_modbus_communication.py:135 66874.6s 60.0% Tfv_C=44.5
2024-09-15 17:45:58,693 INFO util_modbus_communication.py:135 66877.3s 60.0% Tfv_C=44.6
2024-09-15 17:46:01,540 INFO util_modbus_communication.py:135 66880.2s 60.0% Tfv_C=44.7
2024-09-15 17:46:04,430 INFO util_modbus_communication.py:135 66883.1s 60.0% Tfv_C=44.8
2024-09-15 17:46:07,219 INFO util_modbus_communication.py:135 66885.9s 60.0% Tfv_C=44.8
2024-09-15 17:46:09,984 INFO util_modbus_communication.py:135 66888.6s 60.0% Tfv_C=44.9
2024-09-15 17:46:12,857 INFO util_modbus_communication.py:135 66891.5s 60.0% Tfv_C=44.9
2024-09-15 17:46:15,734 INFO util_modbus_communication.py:135 66894.4s 60.0% Tfv_C=45.0
2024-09-15 17:46:18,606 INFO util_modbus_communication.py:135 66897.3s 60.0% Tfv_C=45.1
2024-09-15 17:46:21,428 INFO util_modbus_communication.py:135 66900.1s 60.0% Tfv_C=45.2
2024-09-15 17:46:24,202 INFO util_modbus_communication.py:135 66902.8s 60.0% Tfv_C=45.2
2024-09-15 17:46:27,076 INFO util_modbus_communication.py:135 66905.7s 60.0% Tfv_C=45.2
2024-09-15 17:46:29,984 INFO util_modbus_communication.py:135 66908.6s 60.0% Tfv_C=45.3
2024-09-15 17:46:32,777 INFO util_modbus_communication.py:135 66911.4s 60.0% Tfv_C=45.4
2024-09-15 17:46:35,574 INFO util_modbus_communication.py:135 66914.2s 60.0% Tfv_C=45.4
2024-09-15 17:46:38,447 INFO util_modbus_communication.py:135 66917.1s 60.0% Tfv_C=45.4
2024-09-15 17:46:41,330 INFO util_modbus_communication.py:135 66920.0s 60.0% Tfv_C=45.5
2024-09-15 17:46:44,210 INFO util_modbus_communication.py:135 66922.9s 60.0% Tfv_C=45.6
2024-09-15 17:46:47,098 INFO util_modbus_communication.py:135 66925.7s 60.0% Tfv_C=45.6
2024-09-15 17:46:49,975 INFO util_modbus_communication.py:135 66928.6s 60.0% Tfv_C=45.6
2024-09-15 17:46:52,843 INFO util_modbus_communication.py:135 66931.5s 60.0% Tfv_C=45.7
2024-09-15 17:46:55,690 INFO util_modbus_communication.py:135 66934.3s 60.0% Tfv_C=45.7
2024-09-15 17:46:58,459 INFO util_modbus_communication.py:135 66937.1s 60.0% Tfv_C=45.8
2024-09-15 17:47:01,280 INFO util_modbus_communication.py:135 66939.9s 60.0% Tfv_C=45.8
2024-09-15 17:47:04,147 INFO util_modbus_communication.py:135 66942.8s 60.0% Tfv_C=45.8
2024-09-15 17:47:07,031 INFO util_modbus_communication.py:135 66945.7s 60.0% Tfv_C=45.8
2024-09-15 17:47:09,912 INFO util_modbus_communication.py:135 66948.6s 60.0% Tfv_C=45.9
2024-09-15 17:47:12,811 INFO util_modbus_communication.py:135 66951.5s 60.0% Tfv_C=45.9
2024-09-15 17:47:15,686 INFO util_modbus_communication.py:135 66954.3s 60.0% Tfv_C=45.9
2024-09-15 17:47:18,562 INFO util_modbus_communication.py:135 66957.2s 60.0% Tfv_C=46.0
2024-09-15 17:47:21,435 INFO util_modbus_communication.py:135 66960.1s 60.0% Tfv_C=46.0
2024-09-15 17:47:24,323 INFO util_modbus_communication.py:135 66963.0s 60.0% Tfv_C=46.1
2024-09-15 17:47:27,200 INFO util_modbus_communication.py:135 66965.8s 60.0% Tfv_C=46.1
2024-09-15 17:47:30,100 INFO util_modbus_communication.py:135 66968.7s 60.0% Tfv_C=46.1
2024-09-15 17:47:32,872 INFO util_modbus_communication.py:135 66971.5s 60.0% Tfv_C=46.1
2024-09-15 17:47:35,658 INFO util_modbus_communication.py:135 66974.3s 40.0% Tfv_C=46.1
2024-09-15 17:47:38,540 INFO util_modbus_communication.py:135 66977.2s 40.0% Tfv_C=46.2
2024-09-15 17:47:41,403 INFO util_modbus_communication.py:135 66980.0s 40.0% Tfv_C=46.2
2024-09-15 17:47:44,282 INFO util_modbus_communication.py:135 66982.9s 40.0% Tfv_C=46.2
2024-09-15 17:47:47,148 INFO util_modbus_communication.py:135 66985.8s 40.0% Tfv_C=46.2
2024-09-15 17:47:50,064 INFO util_modbus_communication.py:135 66988.7s 40.0% Tfv_C=46.2
2024-09-15 17:47:52,854 INFO util_modbus_communication.py:135 66991.5s 40.0% Tfv_C=46.3
2024-09-15 17:47:55,646 INFO util_modbus_communication.py:135 66994.3s 40.0% Tfv_C=46.3
2024-09-15 17:47:58,521 INFO util_modbus_communication.py:135 66997.2s 40.0% Tfv_C=46.3
2024-09-15 17:48:01,340 INFO util_modbus_communication.py:135 67000.0s 40.0% Tfv_C=46.3
2024-09-15 17:48:04,098 INFO util_modbus_communication.py:135 67002.7s 40.0% Tfv_C=46.1
2024-09-15 17:48:06,910 INFO util_modbus_communication.py:135 67005.6s 40.0% Tfv_C=45.8
2024-09-15 17:48:09,700 INFO util_modbus_communication.py:135 67008.3s 40.0% Tfv_C=45.6
2024-09-15 17:48:12,476 INFO util_modbus_communication.py:135 67011.1s 40.0% Tfv_C=45.3
2024-09-15 17:48:15,252 INFO util_modbus_communication.py:135 67013.9s 40.0% Tfv_C=45.0
2024-09-15 17:48:18,030 INFO util_modbus_communication.py:135 67016.7s 40.0% Tfv_C=44.8
2024-09-15 17:48:20,812 INFO util_modbus_communication.py:135 67019.5s 40.0% Tfv_C=44.6
2024-09-15 17:48:23,578 INFO util_modbus_communication.py:135 67022.2s 40.0% Tfv_C=44.3
