11-19 21:45:14 com_github_MitjaNemec_ReplicateLayout.action_replicate_layout 392:Plugin executed on: 'linux'
11-19 21:45:14 com_github_MitjaNemec_ReplicateLayout.action_replicate_layout 393:Plugin executed with python version: '3.11.6 (main, Oct  8 2023, 05:06:43) [GCC 13.2.0]'
11-19 21:45:14 com_github_MitjaNemec_ReplicateLayout.action_replicate_layout 394:KiCad build version: 7.0.8-7.0.8~ubuntu23.04.1
11-19 21:45:14 com_github_MitjaNemec_ReplicateLayout.action_replicate_layout 395:Plugin version: 2.1.3
11-19 21:45:14 com_github_MitjaNemec_ReplicateLayout.action_replicate_layout 396:Frame repr: <wx._core.Frame object at 0x7f051c5c1870>
11-19 21:45:14 com_github_MitjaNemec_ReplicateLayout.action_replicate_layout 420:Preparing replicator with Haus301 as a reference
11-19 21:45:14 com_github_MitjaNemec_ReplicateLayout.replicate_layout 117:getting a list of all footprints on board
11-19 21:45:14 com_github_MitjaNemec_ReplicateLayout.action_replicate_layout 468:source anchor footprint is 'Haus301'
Located on: ['Hausreihe D', 'Haus R']
With filenames: ['pcb_zentral_hausreihe.kicad_sch', 'pcb_zentral_haus.kicad_sch']
With sheet_id:['Hausreihe D', 'Haus R']
11-19 21:45:14 com_github_MitjaNemec_ReplicateLayout.action_replicate_layout 475:Corresponding footprints are 
[('Haus601', ['Hausreihe D', 'Haus U']), ('Haus501', ['Hausreihe D', 'Haus T']), ('Haus401', ['Hausreihe D', 'Haus S']), ('Haus301', ['Hausreihe D', 'Haus R'])]
11-19 21:45:14 com_github_MitjaNemec_ReplicateLayout.action_replicate_layout 487:Showing dialog
11-19 21:45:14 com_github_MitjaNemec_ReplicateLayout.replicate_layout 424:constructing a list of sheets suitable for replication on level:'Haus R', file:'pcb_zentral_haus.kicad_sch'
11-19 21:45:14 com_github_MitjaNemec_ReplicateLayout.replicate_layout 461:suitable sheets are:[['Hausreihe D', 'Haus S'], ['Hausreihe D', 'Haus T'], ['Hausreihe D', 'Haus U']]
11-19 21:45:14 com_github_MitjaNemec_ReplicateLayout.replicate_layout 1464:Level selected: ['Hausreihe D', 'Haus R']
11-19 21:45:14 com_github_MitjaNemec_ReplicateLayout.replicate_layout 1299:Filtering list of tracks
11-19 21:45:14 com_github_MitjaNemec_ReplicateLayout.action_replicate_layout 493:Toolbar position: wx.Point(1543, 170)
11-19 21:45:14 com_github_MitjaNemec_ReplicateLayout.action_replicate_layout 498:Dialog position: wx.Point(1104, 170)
11-19 21:45:17 com_github_MitjaNemec_ReplicateLayout.replicate_layout 424:constructing a list of sheets suitable for replication on level:'Haus R', file:'pcb_zentral_haus.kicad_sch'
11-19 21:45:17 com_github_MitjaNemec_ReplicateLayout.replicate_layout 461:suitable sheets are:[['Hausreihe D', 'Haus S'], ['Hausreihe D', 'Haus T'], ['Hausreihe D', 'Haus U']]
11-19 21:45:17 com_github_MitjaNemec_ReplicateLayout.action_replicate_layout 240:Replicating layout
11-19 21:45:17 com_github_MitjaNemec_ReplicateLayout.replicate_layout 240:Starting replication of sheets: [['Hausreihe D', 'Haus S'], ['Hausreihe D', 'Haus T'], ['Hausreihe D', 'Haus U']]
on level: ['Hausreihe D', 'Haus R']
with tracks=True, zone=True, text=True, text=True, intersecting=False, remove=False, locked footprints=False, group_only=False
11-19 21:45:17 root 332:updating GUI message: 'Preparing for replication'
11-19 21:45:17 com_github_MitjaNemec_ReplicateLayout.replicate_layout 310:Getting the list of source footprints
11-19 21:45:17 root 337:updating GUI with: 0
11-19 21:45:17 com_github_MitjaNemec_ReplicateLayout.replicate_layout 320:Getting the list of all the remaining footprints
11-19 21:45:17 com_github_MitjaNemec_ReplicateLayout.replicate_layout 327:Getting source tracks
11-19 21:45:17 com_github_MitjaNemec_ReplicateLayout.replicate_layout 1299:Filtering list of tracks
11-19 21:45:17 com_github_MitjaNemec_ReplicateLayout.replicate_layout 331:Getting source zones
11-19 21:45:17 com_github_MitjaNemec_ReplicateLayout.replicate_layout 335:Getting source text items
11-19 21:45:17 com_github_MitjaNemec_ReplicateLayout.replicate_layout 339:Getting source drawing items
11-19 21:45:17 root 332:updating GUI message: 'Replicating footprints'
11-19 21:45:17 com_github_MitjaNemec_ReplicateLayout.replicate_layout 806:Replicating footprints
11-19 21:45:17 com_github_MitjaNemec_ReplicateLayout.replicate_layout 813:Replicating footprints on sheet ['Hausreihe D', 'Haus S']
11-19 21:45:17 com_github_MitjaNemec_ReplicateLayout.replicate_layout 813:Replicating footprints on sheet ['Hausreihe D', 'Haus T']
11-19 21:45:17 com_github_MitjaNemec_ReplicateLayout.replicate_layout 813:Replicating footprints on sheet ['Hausreihe D', 'Haus U']
11-19 21:45:17 root 332:updating GUI message: 'Replicating tracks'
11-19 21:45:17 com_github_MitjaNemec_ReplicateLayout.replicate_layout 977:Replicating tracks
11-19 21:45:17 com_github_MitjaNemec_ReplicateLayout.replicate_layout 983:Replicating tracks on sheet ['Hausreihe D', 'Haus S']
11-19 21:45:17 com_github_MitjaNemec_ReplicateLayout.replicate_layout 766:Net pairs for sheet ['Hausreihe D', 'Haus S'] :[('+3V3', '+3V3'), ('MODBUS_DI', 'MODBUS_DI'), ('MODBUS_RO', 'MODBUS_RO'), ('/Hausreihe D/Haus R/B', '/Hausreihe D/Haus S/B'), ('Net-(U301-RO)', 'Net-(U401-RO)'), ('/Hausreihe D/Haus R/A', '/Hausreihe D/Haus S/A'), ('GND', 'GND'), ('/Hausreihe D/Haus R/ENABLE', '/Hausreihe D/Haus S/ENABLE')]
11-19 21:45:17 root 337:updating GUI with: 0
11-19 21:45:17 com_github_MitjaNemec_ReplicateLayout.replicate_layout 983:Replicating tracks on sheet ['Hausreihe D', 'Haus T']
11-19 21:45:17 com_github_MitjaNemec_ReplicateLayout.replicate_layout 766:Net pairs for sheet ['Hausreihe D', 'Haus T'] :[('+3V3', '+3V3'), ('MODBUS_DI', 'MODBUS_DI'), ('/Hausreihe D/Haus R/B', '/Hausreihe D/Haus T/B'), ('/Hausreihe D/Haus R/ENABLE', '/Hausreihe D/Haus T/ENABLE'), ('MODBUS_RO', 'MODBUS_RO'), ('Net-(U301-RO)', 'Net-(U501-RO)'), ('GND', 'GND'), ('/Hausreihe D/Haus R/A', '/Hausreihe D/Haus T/A')]
11-19 21:45:17 root 337:updating GUI with: 33
11-19 21:45:18 root 337:updating GUI with: 34
11-19 21:45:18 com_github_MitjaNemec_ReplicateLayout.replicate_layout 983:Replicating tracks on sheet ['Hausreihe D', 'Haus U']
11-19 21:45:18 com_github_MitjaNemec_ReplicateLayout.replicate_layout 766:Net pairs for sheet ['Hausreihe D', 'Haus U'] :[('Net-(U301-RO)', 'Net-(U601-RO)'), ('+3V3', '+3V3'), ('MODBUS_DI', 'MODBUS_DI'), ('/Hausreihe D/Haus R/B', '/Hausreihe D/Haus U/B'), ('MODBUS_RO', 'MODBUS_RO'), ('/Hausreihe D/Haus R/A', '/Hausreihe D/Haus U/A'), ('/Hausreihe D/Haus R/ENABLE', '/Hausreihe D/Haus U/ENABLE'), ('GND', 'GND')]
11-19 21:45:18 root 332:updating GUI message: 'Replicating zones'
11-19 21:45:18 com_github_MitjaNemec_ReplicateLayout.replicate_layout 1047:Replicating zones
11-19 21:45:18 com_github_MitjaNemec_ReplicateLayout.replicate_layout 1054:Replicating zones on sheet ['Hausreihe D', 'Haus S']
11-19 21:45:18 com_github_MitjaNemec_ReplicateLayout.replicate_layout 766:Net pairs for sheet ['Hausreihe D', 'Haus S'] :[('+3V3', '+3V3'), ('MODBUS_DI', 'MODBUS_DI'), ('MODBUS_RO', 'MODBUS_RO'), ('/Hausreihe D/Haus R/B', '/Hausreihe D/Haus S/B'), ('Net-(U301-RO)', 'Net-(U401-RO)'), ('/Hausreihe D/Haus R/A', '/Hausreihe D/Haus S/A'), ('GND', 'GND'), ('/Hausreihe D/Haus R/ENABLE', '/Hausreihe D/Haus S/ENABLE')]
11-19 21:45:18 root 337:updating GUI with: 33
11-19 21:45:18 com_github_MitjaNemec_ReplicateLayout.replicate_layout 1054:Replicating zones on sheet ['Hausreihe D', 'Haus T']
11-19 21:45:18 com_github_MitjaNemec_ReplicateLayout.replicate_layout 766:Net pairs for sheet ['Hausreihe D', 'Haus T'] :[('+3V3', '+3V3'), ('MODBUS_DI', 'MODBUS_DI'), ('/Hausreihe D/Haus R/B', '/Hausreihe D/Haus T/B'), ('/Hausreihe D/Haus R/ENABLE', '/Hausreihe D/Haus T/ENABLE'), ('MODBUS_RO', 'MODBUS_RO'), ('Net-(U301-RO)', 'Net-(U501-RO)'), ('GND', 'GND'), ('/Hausreihe D/Haus R/A', '/Hausreihe D/Haus T/A')]
11-19 21:45:18 com_github_MitjaNemec_ReplicateLayout.replicate_layout 1054:Replicating zones on sheet ['Hausreihe D', 'Haus U']
11-19 21:45:18 com_github_MitjaNemec_ReplicateLayout.replicate_layout 766:Net pairs for sheet ['Hausreihe D', 'Haus U'] :[('Net-(U301-RO)', 'Net-(U601-RO)'), ('+3V3', '+3V3'), ('MODBUS_DI', 'MODBUS_DI'), ('/Hausreihe D/Haus R/B', '/Hausreihe D/Haus U/B'), ('MODBUS_RO', 'MODBUS_RO'), ('/Hausreihe D/Haus R/A', '/Hausreihe D/Haus U/A'), ('/Hausreihe D/Haus R/ENABLE', '/Hausreihe D/Haus U/ENABLE'), ('GND', 'GND')]
11-19 21:45:18 root 332:updating GUI message: 'Replicating text'
11-19 21:45:18 com_github_MitjaNemec_ReplicateLayout.replicate_layout 1136:Replicating text
11-19 21:45:18 com_github_MitjaNemec_ReplicateLayout.replicate_layout 1143:Replicating text on sheet ['Hausreihe D', 'Haus S']
11-19 21:45:18 com_github_MitjaNemec_ReplicateLayout.replicate_layout 1143:Replicating text on sheet ['Hausreihe D', 'Haus T']
11-19 21:45:18 com_github_MitjaNemec_ReplicateLayout.replicate_layout 1143:Replicating text on sheet ['Hausreihe D', 'Haus U']
11-19 21:45:18 root 332:updating GUI message: 'Replicating drawings'
11-19 21:45:18 com_github_MitjaNemec_ReplicateLayout.replicate_layout 1187:Replicating drawings
11-19 21:45:18 com_github_MitjaNemec_ReplicateLayout.replicate_layout 1193:Replicating drawings on sheet ['Hausreihe D', 'Haus S']
11-19 21:45:18 com_github_MitjaNemec_ReplicateLayout.replicate_layout 1193:Replicating drawings on sheet ['Hausreihe D', 'Haus T']
11-19 21:45:18 com_github_MitjaNemec_ReplicateLayout.replicate_layout 1193:Replicating drawings on sheet ['Hausreihe D', 'Haus U']
11-19 21:45:18 com_github_MitjaNemec_ReplicateLayout.action_replicate_layout 256:Replication complete
